<?xml version="1.0" encoding="UTF-8"?>
<testsuite name="org.autotest.StackTests3" tests="1" skipped="0" failures="0" errors="0" timestamp="2024-03-23T18:56:49" hostname="LUCASPC2" time="0.614">
  <properties/>
  <testcase name="run()" classname="org.autotest.StackTests3" time="0.614"/>
  <system-out><![CDATA[-> Corriendo tests de StackTests3 para la clase: StackAr (Stack original)
-> Corriendo tests de StackTests3 para la clase: StackArMutated9632 (MinusOneConstantMutator: Se reemplazó 0 por -1 en la línea 29.)
   [X] FallÃ³ el test testIsEmptyMethod en la lÃ­nea 37
-> Corriendo tests de StackTests3 para la clase: StackArMutated1784 (MinusOneConstantMutator: Se reemplazó 0 por -1 en la línea 18.)
   [X] FallÃ³ el test testConstructorWithNegativeCapacity en la lÃ­nea 30
-> Corriendo tests de StackTests3 para la clase: StackArMutated2158 (TrueConditionalsMutator: Se reemplazó obj == null por true en la línea 74.)
   [X] FallÃ³ el test testEqualsMethod en la lÃ­nea 73
-> Corriendo tests de StackTests3 para la clase: StackArMutated2312 (NegateConditionsMutator: Se reemplazó > por <= en la línea 91.)
   [X] FallÃ³ el test testToStringMethod en la lÃ­nea 57
-> Corriendo tests de StackTests3 para la clase: StackArMutated2358 (FalseConditionalsMutator: Se reemplazó this == obj por false en la línea 72.)
-> Corriendo tests de StackTests3 para la clase: StackArMutated9119 (FalseConditionalsMutator: Se reemplazó isEmpty() por false en la línea 45.)
-> Corriendo tests de StackTests3 para la clase: StackArMutated9911 (TrueConditionalsMutator: Se reemplazó !java.util.Arrays.equals(elems, other.elems) por true en la línea 79.)
   [X] FallÃ³ el test testEqualsMethod en la lÃ­nea 73
-> Corriendo tests de StackTests3 para la clase: StackArMutated6911 (EmptyReturnsMutator: Se reemplazó result por 0 en la línea 67.)
   [X] FallÃ³ el test testNewStackHashCode en la lÃ­nea 64
-> Corriendo tests de StackTests3 para la clase: StackArMutated1791 (OneConstantMutator: Se reemplazó 0 por 1 en la línea 90.)
   [X] FallÃ³ el test testToStringMethod en la lÃ­nea 57
-> Corriendo tests de StackTests3 para la clase: StackArMutated6248 (FalseConditionalsMutator: Se reemplazó i > 0 por false en la línea 91.)
   [X] FallÃ³ el test testToStringMethod en la lÃ­nea 59
-> Corriendo tests de StackTests3 para la clase: StackArMutated3892 (TrueConditionalsMutator: Se reemplazó isFull() por true en la línea 37.)
   [X] FallÃ³ el test testPushIntoFullStackThrowsException en la lÃ­nea 92
-> Corriendo tests de StackTests3 para la clase: StackArMutated7458 (FalseReturnsMutator: Se reemplazó true por false en la línea 83.)
   [X] FallÃ³ el test testEqualsMethod en la lÃ­nea 73
-> Corriendo tests de StackTests3 para la clase: StackArMutated8943 (TrueConditionalsMutator: Se reemplazó i > 0 por true en la línea 91.)
   [X] FallÃ³ el test testToStringMethod en la lÃ­nea 57
-> Corriendo tests de StackTests3 para la clase: StackArMutated5751 (IncrementsMutator: Se reemplazó -- por ++ en la línea 49.)
   [X] FallÃ³ el test testIsEmptyMethod en la lÃ­nea 41
-> Corriendo tests de StackTests3 para la clase: StackArMutated7578 (MinusOneConstantMutator: Se reemplazó 10 por -1 en la línea 7.)
   [X] FallÃ³ el test testPopStack en la lÃ­nea 99
-> Corriendo tests de StackTests3 para la clase: StackArMutated9707 (FalseReturnsMutator: Se reemplazó size() == 0 por false en la línea 29.)
   [X] FallÃ³ el test testIsEmptyMethod en la lÃ­nea 37
-> Corriendo tests de StackTests3 para la clase: StackArMutated7575 (MathMutator: Se reemplazó * por / en la línea 65.)
-> Corriendo tests de StackTests3 para la clase: StackArMutated9483 (TrueConditionalsMutator: Se reemplazó readIndex != other.readIndex por true en la línea 81.)
   [X] FallÃ³ el test testEqualsMethod en la lÃ­nea 73
-> Corriendo tests de StackTests3 para la clase: StackArMutated140 (TrueReturnsMutator: Se reemplazó false por true en la línea 80.)
   [X] FallÃ³ el test testEqualsMethod en la lÃ­nea 77
-> Corriendo tests de StackTests3 para la clase: StackArMutated4946 (EmptyReturnsMutator: Se reemplazó b.toString() por "" en la línea 99.)
   [X] FallÃ³ el test testToStringMethod en la lÃ­nea 55
-> Corriendo tests de StackTests3 para la clase: StackArMutated2604 (FalseConditionalsMutator: Se reemplazó capacity < 0 por false en la línea 18.)
   [X] FallÃ³ el test testConstructorWithNegativeCapacity en la lÃ­nea 30
-> Corriendo tests de StackTests3 para la clase: StackArMutated9600 (TrueConditionalsMutator: Se reemplazó getClass() != obj.getClass() por true en la línea 76.)
   [X] FallÃ³ el test testEqualsMethod en la lÃ­nea 73
-> Corriendo tests de StackTests3 para la clase: StackArMutated9723 (FalseConditionalsMutator: Se reemplazó getClass() != obj.getClass() por false en la línea 76.)
   [X] FallÃ³ el test testEqualsMethod en la lÃ­nea 75
-> Corriendo tests de StackTests3 para la clase: StackArMutated4504 (TrueReturnsMutator: Se reemplazó false por true en la línea 77.)
   [X] FallÃ³ el test testEqualsMethod en la lÃ­nea 75
-> Corriendo tests de StackTests3 para la clase: StackArMutated1479 (NullReturnsMutator: Se reemplazó rv por null en la línea 50.)
   [X] FallÃ³ el test testPopStack en la lÃ­nea 101
-> Corriendo tests de StackTests3 para la clase: StackArMutated7977 (ZeroConstantMutator: Se reemplazó 31 por 0 en la línea 63.)
   [X] FallÃ³ el test testNewStackHashCode en la lÃ­nea 64
-> Corriendo tests de StackTests3 para la clase: StackArMutated6457 (ConditionalsBoundaryMutator: Se reemplazó <= por < en la línea 90.)
   [X] FallÃ³ el test testToStringMethod en la lÃ­nea 57
-> Corriendo tests de StackTests3 para la clase: StackArMutated9836 (OneConstantMutator: Se reemplazó 0 por 1 en la línea 91.)
   [X] FallÃ³ el test testToStringMethod en la lÃ­nea 59
-> Corriendo tests de StackTests3 para la clase: StackArMutated5446 (MathMutator: Se reemplazó + por - en la línea 65.)
   [X] FallÃ³ el test testNewStackHashCode en la lÃ­nea 64
-> Corriendo tests de StackTests3 para la clase: StackArMutated6414 (TrueReturnsMutator: Se reemplazó false por true en la línea 75.)
   [X] FallÃ³ el test testEqualsMethod en la lÃ­nea 74
-> Corriendo tests de StackTests3 para la clase: StackArMutated9639 (NegateConditionsMutator: Se reemplazó < por >= en la línea 18.)
   [X] FallÃ³ el test testConstructorWithSpecifiedCapacity en la lÃ­nea 26
-> Corriendo tests de StackTests3 para la clase: StackArMutated983 (NegateConditionsMutator: Se reemplazó == por != en la línea 33.)
   [X] FallÃ³ el test testPushIntoFullStackThrowsException en la lÃ­nea 92
-> Corriendo tests de StackTests3 para la clase: StackArMutated2453 (ZeroConstantMutator: Se reemplazó 1 por 0 en la línea 11.)
   [X] FallÃ³ el test testPushIntoFullStackThrowsException en la lÃ­nea 92
-> Corriendo tests de StackTests3 para la clase: StackArMutated2695 (NegateConditionsMutator: Se reemplazó == por != en la línea 74.)
   [X] FallÃ³ el test testEqualsMethod en la lÃ­nea 73
-> Corriendo tests de StackTests3 para la clase: StackArMutated8832 (ZeroConstantMutator: Se reemplazó 1 por 0 en la línea 25.)
   [X] FallÃ³ el test testPushIntoFullStackThrowsException en la lÃ­nea 93
-> Corriendo tests de StackTests3 para la clase: StackArMutated5246 (FalseConditionalsMutator: Se reemplazó isFull() por false en la línea 37.)
   [X] FallÃ³ el test testPushIntoFullStackThrowsException en la lÃ­nea 93
-> Corriendo tests de StackTests3 para la clase: StackArMutated2052 (FalseConditionalsMutator: Se reemplazó readIndex != other.readIndex por false en la línea 81.)
   [X] FallÃ³ el test testEqualsMethod en la lÃ­nea 82
-> Corriendo tests de StackTests3 para la clase: StackArMutated8157 (IncrementsMutator: Se reemplazó ++ por -- en la línea 90.)
   [X] FallÃ³ el test testToStringMethod en la lÃ­nea 57
-> Corriendo tests de StackTests3 para la clase: StackArMutated706 (IncrementsMutator: Se reemplazó ++ por -- en la línea 40.)
   [X] FallÃ³ el test testPushIntoFullStackThrowsException en la lÃ­nea 92
-> Corriendo tests de StackTests3 para la clase: StackArMutated5482 (OneConstantMutator: Se reemplazó 0 por 1 en la línea 18.)
   [X] FallÃ³ el test testStackWithNoCapacityIsFull en la lÃ­nea 86
-> Corriendo tests de StackTests3 para la clase: StackArMutated8393 (FalseConditionalsMutator: Se reemplazó isEmpty() por false en la línea 54.)
   [X] FallÃ³ el test testTopEmptyStackThrowsException en la lÃ­nea 106
-> Corriendo tests de StackTests3 para la clase: StackArMutated9297 (OneConstantMutator: Se reemplazó 31 por 1 en la línea 63.)
   [X] FallÃ³ el test testNewStackHashCode en la lÃ­nea 64
-> Corriendo tests de StackTests3 para la clase: StackArMutated1448 (TrueReturnsMutator: Se reemplazó size() == 0 por true en la línea 29.)
   [X] FallÃ³ el test testIsFullMethod en la lÃ­nea 49
-> Corriendo tests de StackTests3 para la clase: StackArMutated1648 (TrueReturnsMutator: Se reemplazó size() == elems.length por true en la línea 33.)
   [X] FallÃ³ el test testPushIntoFullStackThrowsException en la lÃ­nea 92
-> Corriendo tests de StackTests3 para la clase: StackArMutated2851 (NegateConditionsMutator: Se reemplazó <= por > en la línea 90.)
   [X] FallÃ³ el test testToStringMethod en la lÃ­nea 55
-> Corriendo tests de StackTests3 para la clase: StackArMutated2853 (NegateConditionsMutator: Se reemplazó == por != en la línea 72.)
   [X] FallÃ³ el test testEqualsMethod en la lÃ­nea 74
-> Corriendo tests de StackTests3 para la clase: StackArMutated3503 (FalseReturnsMutator: Se reemplazó size() == elems.length por false en la línea 33.)
   [X] FallÃ³ el test testPushIntoFullStackThrowsException en la lÃ­nea 93
-> Corriendo tests de StackTests3 para la clase: StackArMutated5843 (MinusOneConstantMutator: Se reemplazó 0 por -1 en la línea 91.)
   [X] FallÃ³ el test testToStringMethod en la lÃ­nea 57
-> Corriendo tests de StackTests3 para la clase: StackArMutated7988 (TrueReturnsMutator: Se reemplazó false por true en la línea 82.)
   [X] FallÃ³ el test testEqualsMethod en la lÃ­nea 82
-> Corriendo tests de StackTests3 para la clase: StackArMutated9924 (NegateConditionsMutator: Se reemplazó != por == en la línea 76.)
   [X] FallÃ³ el test testEqualsMethod en la lÃ­nea 73
-> Corriendo tests de StackTests3 para la clase: StackArMutated4483 (EmptyReturnsMutator: Se reemplazó readIndex + 1 por 0 en la línea 25.)
   [X] FallÃ³ el test testPushIntoFullStackThrowsException en la lÃ­nea 93
-> Corriendo tests de StackTests3 para la clase: StackArMutated2582 (MathMutator: Se reemplazó + por - en la línea 25.)
   [X] FallÃ³ el test testPushIntoFullStackThrowsException en la lÃ­nea 93
-> Corriendo tests de StackTests3 para la clase: StackArMutated4440 (FalseConditionalsMutator: Se reemplazó !java.util.Arrays.equals(elems, other.elems) por false en la línea 79.)
   [X] FallÃ³ el test testEqualsMethod en la lÃ­nea 77
-> Corriendo tests de StackTests3 para la clase: StackArMutated4484 (NegateConditionsMutator: Se reemplazó != por == en la línea 81.)
   [X] FallÃ³ el test testEqualsMethod en la lÃ­nea 73
-> Corriendo tests de StackTests3 para la clase: StackArMutated7473 (TrueConditionalsMutator: Se reemplazó this == obj por true en la línea 72.)
   [X] FallÃ³ el test testEqualsMethod en la lÃ­nea 74
-> Corriendo tests de StackTests3 para la clase: StackArMutated6384 (TrueConditionalsMutator: Se reemplazó capacity < 0 por true en la línea 18.)
   [X] FallÃ³ el test testConstructorWithSpecifiedCapacity en la lÃ­nea 26
-> Corriendo tests de StackTests3 para la clase: StackArMutated2909 (OneConstantMutator: Se reemplazó 10 por 1 en la línea 7.)
   [X] FallÃ³ el test testNewStackHashCode en la lÃ­nea 64
-> Corriendo tests de StackTests3 para la clase: StackArMutated9185 (NegateConditionsMutator: Se reemplazó == por != en la línea 29.)
   [X] FallÃ³ el test testIsFullMethod en la lÃ­nea 49
-> Corriendo tests de StackTests3 para la clase: StackArMutated9221 (MinusOneConstantMutator: Se reemplazó 0 por -1 en la línea 90.)
   [X] FallÃ³ el test testToStringMethod en la lÃ­nea 55
-> Corriendo tests de StackTests3 para la clase: StackArMutated2669 (TrueConditionalsMutator: Se reemplazó isEmpty() por true en la línea 54.)
   [X] FallÃ³ el test testIsFullMethod en la lÃ­nea 49
-> Corriendo tests de StackTests3 para la clase: StackArMutated3358 (NullReturnsMutator: Se reemplazó b.toString() por null en la línea 99.)
   [X] FallÃ³ el test testToStringMethod en la lÃ­nea 55
-> Corriendo tests de StackTests3 para la clase: StackArMutated9617 (MathMutator: Se reemplazó * por / en la línea 66.)
   [X] FallÃ³ el test testNewStackHashCode en la lÃ­nea 64
-> Corriendo tests de StackTests3 para la clase: StackArMutated2992 (NullReturnsMutator: Se reemplazó rv por null en la línea 58.)
   [X] FallÃ³ el test testPopStack en la lÃ­nea 101
-> Corriendo tests de StackTests3 para la clase: StackArMutated8578 (FalseConditionalsMutator: Se reemplazó obj == null por false en la línea 74.)
   [X] FallÃ³ el test testEqualsMethod en la lÃ­nea 74
-> Corriendo tests de StackTests3 para la clase: StackArMutated5023 (ZeroConstantMutator: Se reemplazó 1 por 0 en la línea 64.)
   [X] FallÃ³ el test testNewStackHashCode en la lÃ­nea 64
-> Corriendo tests de StackTests3 para la clase: StackArMutated5265 (MinusOneConstantMutator: Se reemplazó 31 por -1 en la línea 63.)
   [X] FallÃ³ el test testNewStackHashCode en la lÃ­nea 64
-> Corriendo tests de StackTests3 para la clase: StackArMutated6475 (ZeroConstantMutator: Se reemplazó 10 por 0 en la línea 7.)
   [X] FallÃ³ el test testPopStack en la lÃ­nea 100
-> Corriendo tests de StackTests3 para la clase: StackArMutated8378 (ConditionalsBoundaryMutator: Se reemplazó > por >= en la línea 91.)
   [X] FallÃ³ el test testToStringMethod en la lÃ­nea 57
-> Corriendo tests de StackTests3 para la clase: StackArMutated8499 (FalseReturnsMutator: Se reemplazó true por false en la línea 73.)
   [X] FallÃ³ el test testEqualsMethod en la lÃ­nea 72
-> Corriendo tests de StackTests3 para la clase: StackArMutated4093 (ConditionalsBoundaryMutator: Se reemplazó < por <= en la línea 18.)
   [X] FallÃ³ el test testStackWithNoCapacityIsFull en la lÃ­nea 86
-> Corriendo tests de StackTests3 para la clase: StackArMutated7040 (OneConstantMutator: Se reemplazó 0 por 1 en la línea 29.)
   [X] FallÃ³ el test testIsFullMethod en la lÃ­nea 49
-> Corriendo tests de StackTests3 para la clase: StackArMutated5181 (MathMutator: Se reemplazó + por - en la línea 66.)
   [X] FallÃ³ el test testNewStackHashCode en la lÃ­nea 64
-> Corriendo tests de StackTests3 para la clase: StackArMutated98 (TrueConditionalsMutator: Se reemplazó isEmpty() por true en la línea 45.)
   [X] FallÃ³ el test testIsFullMethod en la lÃ­nea 49
-> Mutantes generados: 73
-> Mutantes eliminados: 70
    - StackArMutated3358 (NullReturnsMutator: Se reemplazó b.toString() por null en la línea 99.)
    - StackArMutated9617 (MathMutator: Se reemplazó * por / en la línea 66.)
    - StackArMutated2669 (TrueConditionalsMutator: Se reemplazó isEmpty() por true en la línea 54.)
    - StackArMutated2582 (MathMutator: Se reemplazó + por - en la línea 25.)
    - StackArMutated4483 (EmptyReturnsMutator: Se reemplazó readIndex + 1 por 0 en la línea 25.)
    - StackArMutated4440 (FalseConditionalsMutator: Se reemplazó !java.util.Arrays.equals(elems, other.elems) por false en la línea 79.)
    - StackArMutated4484 (NegateConditionsMutator: Se reemplazó != por == en la línea 81.)
    - StackArMutated9221 (MinusOneConstantMutator: Se reemplazó 0 por -1 en la línea 90.)
    - StackArMutated9185 (NegateConditionsMutator: Se reemplazó == por != en la línea 29.)
    - StackArMutated5181 (MathMutator: Se reemplazó + por - en la línea 66.)
    - StackArMutated4093 (ConditionalsBoundaryMutator: Se reemplazó < por <= en la línea 18.)
    - StackArMutated7040 (OneConstantMutator: Se reemplazó 0 por 1 en la línea 29.)
    - StackArMutated2909 (OneConstantMutator: Se reemplazó 10 por 1 en la línea 7.)
    - StackArMutated98 (TrueConditionalsMutator: Se reemplazó isEmpty() por true en la línea 45.)
    - StackArMutated3503 (FalseReturnsMutator: Se reemplazó size() == elems.length por false en la línea 33.)
    - StackArMutated2853 (NegateConditionsMutator: Se reemplazó == por != en la línea 72.)
    - StackArMutated1648 (TrueReturnsMutator: Se reemplazó size() == elems.length por true en la línea 33.)
    - StackArMutated1448 (TrueReturnsMutator: Se reemplazó size() == 0 por true en la línea 29.)
    - StackArMutated6457 (ConditionalsBoundaryMutator: Se reemplazó <= por < en la línea 90.)
    - StackArMutated5246 (FalseConditionalsMutator: Se reemplazó isFull() por false en la línea 37.)
    - StackArMutated9924 (NegateConditionsMutator: Se reemplazó != por == en la línea 76.)
    - StackArMutated9723 (FalseConditionalsMutator: Se reemplazó getClass() != obj.getClass() por false en la línea 76.)
    - StackArMutated5446 (MathMutator: Se reemplazó + por - en la línea 65.)
    - StackArMutated8832 (ZeroConstantMutator: Se reemplazó 1 por 0 en la línea 25.)
    - StackArMutated7988 (TrueReturnsMutator: Se reemplazó false por true en la línea 82.)
    - StackArMutated6414 (TrueReturnsMutator: Se reemplazó false por true en la línea 75.)
    - StackArMutated2052 (FalseConditionalsMutator: Se reemplazó readIndex != other.readIndex por false en la línea 81.)
    - StackArMutated5843 (MinusOneConstantMutator: Se reemplazó 0 por -1 en la línea 91.)
    - StackArMutated9600 (TrueConditionalsMutator: Se reemplazó getClass() != obj.getClass() por true en la línea 76.)
    - StackArMutated2851 (NegateConditionsMutator: Se reemplazó <= por > en la línea 90.)
    - StackArMutated2453 (ZeroConstantMutator: Se reemplazó 1 por 0 en la línea 11.)
    - StackArMutated2695 (NegateConditionsMutator: Se reemplazó == por != en la línea 74.)
    - StackArMutated8157 (IncrementsMutator: Se reemplazó ++ por -- en la línea 90.)
    - StackArMutated9297 (OneConstantMutator: Se reemplazó 31 por 1 en la línea 63.)
    - StackArMutated7473 (TrueConditionalsMutator: Se reemplazó this == obj por true en la línea 72.)
    - StackArMutated6384 (TrueConditionalsMutator: Se reemplazó capacity < 0 por true en la línea 18.)
    - StackArMutated4946 (EmptyReturnsMutator: Se reemplazó b.toString() por "" en la línea 99.)
    - StackArMutated1479 (NullReturnsMutator: Se reemplazó rv por null en la línea 50.)
    - StackArMutated2604 (FalseConditionalsMutator: Se reemplazó capacity < 0 por false en la línea 18.)
    - StackArMutated4504 (TrueReturnsMutator: Se reemplazó false por true en la línea 77.)
    - StackArMutated9639 (NegateConditionsMutator: Se reemplazó < por >= en la línea 18.)
    - StackArMutated1791 (OneConstantMutator: Se reemplazó 0 por 1 en la línea 90.)
    - StackArMutated6248 (FalseConditionalsMutator: Se reemplazó i > 0 por false en la línea 91.)
    - StackArMutated3892 (TrueConditionalsMutator: Se reemplazó isFull() por true en la línea 37.)
    - StackArMutated7458 (FalseReturnsMutator: Se reemplazó true por false en la línea 83.)
    - StackArMutated7578 (MinusOneConstantMutator: Se reemplazó 10 por -1 en la línea 7.)
    - StackArMutated9836 (OneConstantMutator: Se reemplazó 0 por 1 en la línea 91.)
    - StackArMutated7977 (ZeroConstantMutator: Se reemplazó 31 por 0 en la línea 63.)
    - StackArMutated9911 (TrueConditionalsMutator: Se reemplazó !java.util.Arrays.equals(elems, other.elems) por true en la línea 79.)
    - StackArMutated8943 (TrueConditionalsMutator: Se reemplazó i > 0 por true en la línea 91.)
    - StackArMutated9632 (MinusOneConstantMutator: Se reemplazó 0 por -1 en la línea 29.)
    - StackArMutated5751 (IncrementsMutator: Se reemplazó -- por ++ en la línea 49.)
    - StackArMutated5482 (OneConstantMutator: Se reemplazó 0 por 1 en la línea 18.)
    - StackArMutated8393 (FalseConditionalsMutator: Se reemplazó isEmpty() por false en la línea 54.)
    - StackArMutated9483 (TrueConditionalsMutator: Se reemplazó readIndex != other.readIndex por true en la línea 81.)
    - StackArMutated9707 (FalseReturnsMutator: Se reemplazó size() == 0 por false en la línea 29.)
    - StackArMutated706 (IncrementsMutator: Se reemplazó ++ por -- en la línea 40.)
    - StackArMutated6911 (EmptyReturnsMutator: Se reemplazó result por 0 en la línea 67.)
    - StackArMutated1784 (MinusOneConstantMutator: Se reemplazó 0 por -1 en la línea 18.)
    - StackArMutated2158 (TrueConditionalsMutator: Se reemplazó obj == null por true en la línea 74.)
    - StackArMutated2312 (NegateConditionsMutator: Se reemplazó > por <= en la línea 91.)
    - StackArMutated6475 (ZeroConstantMutator: Se reemplazó 10 por 0 en la línea 7.)
    - StackArMutated8578 (FalseConditionalsMutator: Se reemplazó obj == null por false en la línea 74.)
    - StackArMutated5023 (ZeroConstantMutator: Se reemplazó 1 por 0 en la línea 64.)
    - StackArMutated5265 (MinusOneConstantMutator: Se reemplazó 31 por -1 en la línea 63.)
    - StackArMutated2992 (NullReturnsMutator: Se reemplazó rv por null en la línea 58.)
    - StackArMutated8378 (ConditionalsBoundaryMutator: Se reemplazó > por >= en la línea 91.)
    - StackArMutated8499 (FalseReturnsMutator: Se reemplazó true por false en la línea 73.)
    - StackArMutated983 (NegateConditionsMutator: Se reemplazó == por != en la línea 33.)
    - StackArMutated140 (TrueReturnsMutator: Se reemplazó false por true en la línea 80.)
-> Mutantes vivos: 3
    - StackArMutated9119 (FalseConditionalsMutator: Se reemplazó isEmpty() por false en la línea 45.)
    - StackArMutated7575 (MathMutator: Se reemplazó * por / en la línea 65.)
    - StackArMutated2358 (FalseConditionalsMutator: Se reemplazó this == obj por false en la línea 72.)
-> Mutation score: 95%
]]></system-out>
  <system-err><![CDATA[[Test worker] INFO org.reflections.Reflections - Reflections took 177 ms to scan 1 urls, producing 1 keys and 73 values
]]></system-err>
</testsuite>
