<?xml version="1.0" encoding="UTF-8"?>
<testsuite name="org.autotest.RegressionTest44" tests="50" skipped="0" failures="0" errors="0" timestamp="2024-04-04T22:18:31" hostname="ARJHNQGK3" time="0.011">
  <properties/>
  <testcase name="test2201()" classname="org.autotest.RegressionTest44" time="0.0"/>
  <testcase name="test2202()" classname="org.autotest.RegressionTest44" time="0.001"/>
  <testcase name="test2203()" classname="org.autotest.RegressionTest44" time="0.0"/>
  <testcase name="test2204()" classname="org.autotest.RegressionTest44" time="0.0"/>
  <testcase name="test2205()" classname="org.autotest.RegressionTest44" time="0.0"/>
  <testcase name="test2206()" classname="org.autotest.RegressionTest44" time="0.0"/>
  <testcase name="test2207()" classname="org.autotest.RegressionTest44" time="0.0"/>
  <testcase name="test2208()" classname="org.autotest.RegressionTest44" time="0.001"/>
  <testcase name="test2209()" classname="org.autotest.RegressionTest44" time="0.0"/>
  <testcase name="test2210()" classname="org.autotest.RegressionTest44" time="0.0"/>
  <testcase name="test2211()" classname="org.autotest.RegressionTest44" time="0.0"/>
  <testcase name="test2212()" classname="org.autotest.RegressionTest44" time="0.0"/>
  <testcase name="test2213()" classname="org.autotest.RegressionTest44" time="0.0"/>
  <testcase name="test2214()" classname="org.autotest.RegressionTest44" time="0.001"/>
  <testcase name="test2215()" classname="org.autotest.RegressionTest44" time="0.0"/>
  <testcase name="test2216()" classname="org.autotest.RegressionTest44" time="0.001"/>
  <testcase name="test2217()" classname="org.autotest.RegressionTest44" time="0.0"/>
  <testcase name="test2218()" classname="org.autotest.RegressionTest44" time="0.0"/>
  <testcase name="test2219()" classname="org.autotest.RegressionTest44" time="0.0"/>
  <testcase name="test2220()" classname="org.autotest.RegressionTest44" time="0.0"/>
  <testcase name="test2221()" classname="org.autotest.RegressionTest44" time="0.0"/>
  <testcase name="test2222()" classname="org.autotest.RegressionTest44" time="0.001"/>
  <testcase name="test2223()" classname="org.autotest.RegressionTest44" time="0.0"/>
  <testcase name="test2224()" classname="org.autotest.RegressionTest44" time="0.0"/>
  <testcase name="test2225()" classname="org.autotest.RegressionTest44" time="0.0"/>
  <testcase name="test2226()" classname="org.autotest.RegressionTest44" time="0.001"/>
  <testcase name="test2227()" classname="org.autotest.RegressionTest44" time="0.0"/>
  <testcase name="test2228()" classname="org.autotest.RegressionTest44" time="0.0"/>
  <testcase name="test2229()" classname="org.autotest.RegressionTest44" time="0.0"/>
  <testcase name="test2230()" classname="org.autotest.RegressionTest44" time="0.0"/>
  <testcase name="test2231()" classname="org.autotest.RegressionTest44" time="0.001"/>
  <testcase name="test2232()" classname="org.autotest.RegressionTest44" time="0.0"/>
  <testcase name="test2233()" classname="org.autotest.RegressionTest44" time="0.0"/>
  <testcase name="test2234()" classname="org.autotest.RegressionTest44" time="0.0"/>
  <testcase name="test2235()" classname="org.autotest.RegressionTest44" time="0.001"/>
  <testcase name="test2236()" classname="org.autotest.RegressionTest44" time="0.0"/>
  <testcase name="test2237()" classname="org.autotest.RegressionTest44" time="0.0"/>
  <testcase name="test2238()" classname="org.autotest.RegressionTest44" time="0.0"/>
  <testcase name="test2239()" classname="org.autotest.RegressionTest44" time="0.0"/>
  <testcase name="test2240()" classname="org.autotest.RegressionTest44" time="0.0"/>
  <testcase name="test2241()" classname="org.autotest.RegressionTest44" time="0.001"/>
  <testcase name="test2242()" classname="org.autotest.RegressionTest44" time="0.0"/>
  <testcase name="test2243()" classname="org.autotest.RegressionTest44" time="0.0"/>
  <testcase name="test2244()" classname="org.autotest.RegressionTest44" time="0.0"/>
  <testcase name="test2245()" classname="org.autotest.RegressionTest44" time="0.001"/>
  <testcase name="test2246()" classname="org.autotest.RegressionTest44" time="0.0"/>
  <testcase name="test2247()" classname="org.autotest.RegressionTest44" time="0.0"/>
  <testcase name="test2248()" classname="org.autotest.RegressionTest44" time="0.001"/>
  <testcase name="test2249()" classname="org.autotest.RegressionTest44" time="0.0"/>
  <testcase name="test2250()" classname="org.autotest.RegressionTest44" time="0.0"/>
  <system-out><![CDATA[]]></system-out>
  <system-err><![CDATA[]]></system-err>
</testsuite>
