<?xml version="1.0" encoding="UTF-8"?>
<testsuite name="org.autotest.RegressionTest9" tests="50" skipped="0" failures="0" errors="0" timestamp="2024-04-04T22:18:31" hostname="ARJHNQGK3" time="0.013">
  <properties/>
  <testcase name="test0451()" classname="org.autotest.RegressionTest9" time="0.001"/>
  <testcase name="test0452()" classname="org.autotest.RegressionTest9" time="0.0"/>
  <testcase name="test0453()" classname="org.autotest.RegressionTest9" time="0.0"/>
  <testcase name="test0454()" classname="org.autotest.RegressionTest9" time="0.001"/>
  <testcase name="test0455()" classname="org.autotest.RegressionTest9" time="0.0"/>
  <testcase name="test0456()" classname="org.autotest.RegressionTest9" time="0.0"/>
  <testcase name="test0457()" classname="org.autotest.RegressionTest9" time="0.0"/>
  <testcase name="test0458()" classname="org.autotest.RegressionTest9" time="0.0"/>
  <testcase name="test0459()" classname="org.autotest.RegressionTest9" time="0.001"/>
  <testcase name="test0460()" classname="org.autotest.RegressionTest9" time="0.0"/>
  <testcase name="test0461()" classname="org.autotest.RegressionTest9" time="0.0"/>
  <testcase name="test0462()" classname="org.autotest.RegressionTest9" time="0.0"/>
  <testcase name="test0463()" classname="org.autotest.RegressionTest9" time="0.0"/>
  <testcase name="test0464()" classname="org.autotest.RegressionTest9" time="0.0"/>
  <testcase name="test0465()" classname="org.autotest.RegressionTest9" time="0.0"/>
  <testcase name="test0466()" classname="org.autotest.RegressionTest9" time="0.0"/>
  <testcase name="test0467()" classname="org.autotest.RegressionTest9" time="0.0"/>
  <testcase name="test0468()" classname="org.autotest.RegressionTest9" time="0.001"/>
  <testcase name="test0469()" classname="org.autotest.RegressionTest9" time="0.0"/>
  <testcase name="test0470()" classname="org.autotest.RegressionTest9" time="0.0"/>
  <testcase name="test0471()" classname="org.autotest.RegressionTest9" time="0.001"/>
  <testcase name="test0472()" classname="org.autotest.RegressionTest9" time="0.0"/>
  <testcase name="test0473()" classname="org.autotest.RegressionTest9" time="0.0"/>
  <testcase name="test0474()" classname="org.autotest.RegressionTest9" time="0.0"/>
  <testcase name="test0475()" classname="org.autotest.RegressionTest9" time="0.0"/>
  <testcase name="test0476()" classname="org.autotest.RegressionTest9" time="0.001"/>
  <testcase name="test0477()" classname="org.autotest.RegressionTest9" time="0.0"/>
  <testcase name="test0478()" classname="org.autotest.RegressionTest9" time="0.0"/>
  <testcase name="test0479()" classname="org.autotest.RegressionTest9" time="0.0"/>
  <testcase name="test0480()" classname="org.autotest.RegressionTest9" time="0.0"/>
  <testcase name="test0481()" classname="org.autotest.RegressionTest9" time="0.0"/>
  <testcase name="test0482()" classname="org.autotest.RegressionTest9" time="0.0"/>
  <testcase name="test0483()" classname="org.autotest.RegressionTest9" time="0.0"/>
  <testcase name="test0484()" classname="org.autotest.RegressionTest9" time="0.0"/>
  <testcase name="test0485()" classname="org.autotest.RegressionTest9" time="0.001"/>
  <testcase name="test0486()" classname="org.autotest.RegressionTest9" time="0.0"/>
  <testcase name="test0487()" classname="org.autotest.RegressionTest9" time="0.0"/>
  <testcase name="test0488()" classname="org.autotest.RegressionTest9" time="0.0"/>
  <testcase name="test0489()" classname="org.autotest.RegressionTest9" time="0.0"/>
  <testcase name="test0490()" classname="org.autotest.RegressionTest9" time="0.001"/>
  <testcase name="test0491()" classname="org.autotest.RegressionTest9" time="0.0"/>
  <testcase name="test0492()" classname="org.autotest.RegressionTest9" time="0.0"/>
  <testcase name="test0493()" classname="org.autotest.RegressionTest9" time="0.0"/>
  <testcase name="test0494()" classname="org.autotest.RegressionTest9" time="0.0"/>
  <testcase name="test0495()" classname="org.autotest.RegressionTest9" time="0.0"/>
  <testcase name="test0496()" classname="org.autotest.RegressionTest9" time="0.001"/>
  <testcase name="test0497()" classname="org.autotest.RegressionTest9" time="0.0"/>
  <testcase name="test0498()" classname="org.autotest.RegressionTest9" time="0.0"/>
  <testcase name="test0499()" classname="org.autotest.RegressionTest9" time="0.001"/>
  <testcase name="test0500()" classname="org.autotest.RegressionTest9" time="0.0"/>
  <system-out><![CDATA[]]></system-out>
  <system-err><![CDATA[]]></system-err>
</testsuite>
