<?xml version="1.0" encoding="UTF-8"?>
<testsuite name="org.autotest.RegressionTest13" tests="50" skipped="0" failures="0" errors="0" timestamp="2024-04-04T22:18:31" hostname="ARJHNQGK3" time="0.009">
  <properties/>
  <testcase name="test0651()" classname="org.autotest.RegressionTest13" time="0.0"/>
  <testcase name="test0652()" classname="org.autotest.RegressionTest13" time="0.0"/>
  <testcase name="test0653()" classname="org.autotest.RegressionTest13" time="0.0"/>
  <testcase name="test0654()" classname="org.autotest.RegressionTest13" time="0.001"/>
  <testcase name="test0655()" classname="org.autotest.RegressionTest13" time="0.0"/>
  <testcase name="test0656()" classname="org.autotest.RegressionTest13" time="0.0"/>
  <testcase name="test0657()" classname="org.autotest.RegressionTest13" time="0.0"/>
  <testcase name="test0658()" classname="org.autotest.RegressionTest13" time="0.0"/>
  <testcase name="test0659()" classname="org.autotest.RegressionTest13" time="0.001"/>
  <testcase name="test0660()" classname="org.autotest.RegressionTest13" time="0.0"/>
  <testcase name="test0661()" classname="org.autotest.RegressionTest13" time="0.0"/>
  <testcase name="test0662()" classname="org.autotest.RegressionTest13" time="0.0"/>
  <testcase name="test0663()" classname="org.autotest.RegressionTest13" time="0.0"/>
  <testcase name="test0664()" classname="org.autotest.RegressionTest13" time="0.0"/>
  <testcase name="test0665()" classname="org.autotest.RegressionTest13" time="0.0"/>
  <testcase name="test0666()" classname="org.autotest.RegressionTest13" time="0.0"/>
  <testcase name="test0667()" classname="org.autotest.RegressionTest13" time="0.0"/>
  <testcase name="test0668()" classname="org.autotest.RegressionTest13" time="0.0"/>
  <testcase name="test0669()" classname="org.autotest.RegressionTest13" time="0.0"/>
  <testcase name="test0670()" classname="org.autotest.RegressionTest13" time="0.0"/>
  <testcase name="test0671()" classname="org.autotest.RegressionTest13" time="0.001"/>
  <testcase name="test0672()" classname="org.autotest.RegressionTest13" time="0.0"/>
  <testcase name="test0673()" classname="org.autotest.RegressionTest13" time="0.0"/>
  <testcase name="test0674()" classname="org.autotest.RegressionTest13" time="0.0"/>
  <testcase name="test0675()" classname="org.autotest.RegressionTest13" time="0.0"/>
  <testcase name="test0676()" classname="org.autotest.RegressionTest13" time="0.001"/>
  <testcase name="test0677()" classname="org.autotest.RegressionTest13" time="0.0"/>
  <testcase name="test0678()" classname="org.autotest.RegressionTest13" time="0.0"/>
  <testcase name="test0679()" classname="org.autotest.RegressionTest13" time="0.0"/>
  <testcase name="test0680()" classname="org.autotest.RegressionTest13" time="0.0"/>
  <testcase name="test0681()" classname="org.autotest.RegressionTest13" time="0.001"/>
  <testcase name="test0682()" classname="org.autotest.RegressionTest13" time="0.0"/>
  <testcase name="test0683()" classname="org.autotest.RegressionTest13" time="0.0"/>
  <testcase name="test0684()" classname="org.autotest.RegressionTest13" time="0.0"/>
  <testcase name="test0685()" classname="org.autotest.RegressionTest13" time="0.0"/>
  <testcase name="test0686()" classname="org.autotest.RegressionTest13" time="0.001"/>
  <testcase name="test0687()" classname="org.autotest.RegressionTest13" time="0.0"/>
  <testcase name="test0688()" classname="org.autotest.RegressionTest13" time="0.0"/>
  <testcase name="test0689()" classname="org.autotest.RegressionTest13" time="0.0"/>
  <testcase name="test0690()" classname="org.autotest.RegressionTest13" time="0.0"/>
  <testcase name="test0691()" classname="org.autotest.RegressionTest13" time="0.0"/>
  <testcase name="test0692()" classname="org.autotest.RegressionTest13" time="0.0"/>
  <testcase name="test0693()" classname="org.autotest.RegressionTest13" time="0.001"/>
  <testcase name="test0694()" classname="org.autotest.RegressionTest13" time="0.0"/>
  <testcase name="test0695()" classname="org.autotest.RegressionTest13" time="0.0"/>
  <testcase name="test0696()" classname="org.autotest.RegressionTest13" time="0.0"/>
  <testcase name="test0697()" classname="org.autotest.RegressionTest13" time="0.0"/>
  <testcase name="test0698()" classname="org.autotest.RegressionTest13" time="0.001"/>
  <testcase name="test0699()" classname="org.autotest.RegressionTest13" time="0.0"/>
  <testcase name="test0700()" classname="org.autotest.RegressionTest13" time="0.0"/>
  <system-out><![CDATA[]]></system-out>
  <system-err><![CDATA[]]></system-err>
</testsuite>
