<?xml version="1.0" encoding="UTF-8"?>
<testsuite name="org.autotest.RegressionTest16" tests="50" skipped="0" failures="0" errors="0" timestamp="2024-04-04T22:18:31" hostname="ARJHNQGK3" time="0.016">
  <properties/>
  <testcase name="test0801()" classname="org.autotest.RegressionTest16" time="0.001"/>
  <testcase name="test0802()" classname="org.autotest.RegressionTest16" time="0.0"/>
  <testcase name="test0803()" classname="org.autotest.RegressionTest16" time="0.001"/>
  <testcase name="test0804()" classname="org.autotest.RegressionTest16" time="0.0"/>
  <testcase name="test0805()" classname="org.autotest.RegressionTest16" time="0.0"/>
  <testcase name="test0806()" classname="org.autotest.RegressionTest16" time="0.0"/>
  <testcase name="test0807()" classname="org.autotest.RegressionTest16" time="0.001"/>
  <testcase name="test0808()" classname="org.autotest.RegressionTest16" time="0.0"/>
  <testcase name="test0809()" classname="org.autotest.RegressionTest16" time="0.001"/>
  <testcase name="test0810()" classname="org.autotest.RegressionTest16" time="0.0"/>
  <testcase name="test0811()" classname="org.autotest.RegressionTest16" time="0.001"/>
  <testcase name="test0812()" classname="org.autotest.RegressionTest16" time="0.0"/>
  <testcase name="test0813()" classname="org.autotest.RegressionTest16" time="0.0"/>
  <testcase name="test0814()" classname="org.autotest.RegressionTest16" time="0.0"/>
  <testcase name="test0815()" classname="org.autotest.RegressionTest16" time="0.001"/>
  <testcase name="test0816()" classname="org.autotest.RegressionTest16" time="0.001"/>
  <testcase name="test0817()" classname="org.autotest.RegressionTest16" time="0.0"/>
  <testcase name="test0818()" classname="org.autotest.RegressionTest16" time="0.0"/>
  <testcase name="test0819()" classname="org.autotest.RegressionTest16" time="0.001"/>
  <testcase name="test0820()" classname="org.autotest.RegressionTest16" time="0.0"/>
  <testcase name="test0821()" classname="org.autotest.RegressionTest16" time="0.0"/>
  <testcase name="test0822()" classname="org.autotest.RegressionTest16" time="0.001"/>
  <testcase name="test0823()" classname="org.autotest.RegressionTest16" time="0.0"/>
  <testcase name="test0824()" classname="org.autotest.RegressionTest16" time="0.0"/>
  <testcase name="test0825()" classname="org.autotest.RegressionTest16" time="0.0"/>
  <testcase name="test0826()" classname="org.autotest.RegressionTest16" time="0.0"/>
  <testcase name="test0827()" classname="org.autotest.RegressionTest16" time="0.0"/>
  <testcase name="test0828()" classname="org.autotest.RegressionTest16" time="0.0"/>
  <testcase name="test0829()" classname="org.autotest.RegressionTest16" time="0.0"/>
  <testcase name="test0830()" classname="org.autotest.RegressionTest16" time="0.0"/>
  <testcase name="test0831()" classname="org.autotest.RegressionTest16" time="0.001"/>
  <testcase name="test0832()" classname="org.autotest.RegressionTest16" time="0.0"/>
  <testcase name="test0833()" classname="org.autotest.RegressionTest16" time="0.001"/>
  <testcase name="test0834()" classname="org.autotest.RegressionTest16" time="0.0"/>
  <testcase name="test0835()" classname="org.autotest.RegressionTest16" time="0.0"/>
  <testcase name="test0836()" classname="org.autotest.RegressionTest16" time="0.0"/>
  <testcase name="test0837()" classname="org.autotest.RegressionTest16" time="0.001"/>
  <testcase name="test0838()" classname="org.autotest.RegressionTest16" time="0.0"/>
  <testcase name="test0839()" classname="org.autotest.RegressionTest16" time="0.0"/>
  <testcase name="test0840()" classname="org.autotest.RegressionTest16" time="0.0"/>
  <testcase name="test0841()" classname="org.autotest.RegressionTest16" time="0.001"/>
  <testcase name="test0842()" classname="org.autotest.RegressionTest16" time="0.0"/>
  <testcase name="test0843()" classname="org.autotest.RegressionTest16" time="0.0"/>
  <testcase name="test0844()" classname="org.autotest.RegressionTest16" time="0.0"/>
  <testcase name="test0845()" classname="org.autotest.RegressionTest16" time="0.0"/>
  <testcase name="test0846()" classname="org.autotest.RegressionTest16" time="0.001"/>
  <testcase name="test0847()" classname="org.autotest.RegressionTest16" time="0.0"/>
  <testcase name="test0848()" classname="org.autotest.RegressionTest16" time="0.001"/>
  <testcase name="test0849()" classname="org.autotest.RegressionTest16" time="0.0"/>
  <testcase name="test0850()" classname="org.autotest.RegressionTest16" time="0.0"/>
  <system-out><![CDATA[]]></system-out>
  <system-err><![CDATA[]]></system-err>
</testsuite>
