<?xml version="1.0" encoding="UTF-8"?>
<testsuite name="org.autotest.RegressionTest49" tests="50" skipped="0" failures="0" errors="0" timestamp="2024-04-04T22:18:31" hostname="ARJHNQGK3" time="0.014">
  <properties/>
  <testcase name="test2451()" classname="org.autotest.RegressionTest49" time="0.0"/>
  <testcase name="test2452()" classname="org.autotest.RegressionTest49" time="0.0"/>
  <testcase name="test2453()" classname="org.autotest.RegressionTest49" time="0.0"/>
  <testcase name="test2454()" classname="org.autotest.RegressionTest49" time="0.001"/>
  <testcase name="test2455()" classname="org.autotest.RegressionTest49" time="0.0"/>
  <testcase name="test2456()" classname="org.autotest.RegressionTest49" time="0.0"/>
  <testcase name="test2457()" classname="org.autotest.RegressionTest49" time="0.0"/>
  <testcase name="test2458()" classname="org.autotest.RegressionTest49" time="0.0"/>
  <testcase name="test2459()" classname="org.autotest.RegressionTest49" time="0.0"/>
  <testcase name="test2460()" classname="org.autotest.RegressionTest49" time="0.001"/>
  <testcase name="test2461()" classname="org.autotest.RegressionTest49" time="0.0"/>
  <testcase name="test2462()" classname="org.autotest.RegressionTest49" time="0.0"/>
  <testcase name="test2463()" classname="org.autotest.RegressionTest49" time="0.001"/>
  <testcase name="test2464()" classname="org.autotest.RegressionTest49" time="0.0"/>
  <testcase name="test2465()" classname="org.autotest.RegressionTest49" time="0.0"/>
  <testcase name="test2466()" classname="org.autotest.RegressionTest49" time="0.0"/>
  <testcase name="test2467()" classname="org.autotest.RegressionTest49" time="0.0"/>
  <testcase name="test2468()" classname="org.autotest.RegressionTest49" time="0.001"/>
  <testcase name="test2469()" classname="org.autotest.RegressionTest49" time="0.0"/>
  <testcase name="test2470()" classname="org.autotest.RegressionTest49" time="0.0"/>
  <testcase name="test2471()" classname="org.autotest.RegressionTest49" time="0.001"/>
  <testcase name="test2472()" classname="org.autotest.RegressionTest49" time="0.0"/>
  <testcase name="test2473()" classname="org.autotest.RegressionTest49" time="0.0"/>
  <testcase name="test2474()" classname="org.autotest.RegressionTest49" time="0.0"/>
  <testcase name="test2475()" classname="org.autotest.RegressionTest49" time="0.0"/>
  <testcase name="test2476()" classname="org.autotest.RegressionTest49" time="0.001"/>
  <testcase name="test2477()" classname="org.autotest.RegressionTest49" time="0.0"/>
  <testcase name="test2478()" classname="org.autotest.RegressionTest49" time="0.0"/>
  <testcase name="test2479()" classname="org.autotest.RegressionTest49" time="0.0"/>
  <testcase name="test2480()" classname="org.autotest.RegressionTest49" time="0.0"/>
  <testcase name="test2481()" classname="org.autotest.RegressionTest49" time="0.0"/>
  <testcase name="test2482()" classname="org.autotest.RegressionTest49" time="0.0"/>
  <testcase name="test2483()" classname="org.autotest.RegressionTest49" time="0.0"/>
  <testcase name="test2484()" classname="org.autotest.RegressionTest49" time="0.0"/>
  <testcase name="test2485()" classname="org.autotest.RegressionTest49" time="0.0"/>
  <testcase name="test2486()" classname="org.autotest.RegressionTest49" time="0.001"/>
  <testcase name="test2487()" classname="org.autotest.RegressionTest49" time="0.0"/>
  <testcase name="test2488()" classname="org.autotest.RegressionTest49" time="0.0"/>
  <testcase name="test2489()" classname="org.autotest.RegressionTest49" time="0.001"/>
  <testcase name="test2490()" classname="org.autotest.RegressionTest49" time="0.0"/>
  <testcase name="test2491()" classname="org.autotest.RegressionTest49" time="0.0"/>
  <testcase name="test2492()" classname="org.autotest.RegressionTest49" time="0.001"/>
  <testcase name="test2493()" classname="org.autotest.RegressionTest49" time="0.0"/>
  <testcase name="test2494()" classname="org.autotest.RegressionTest49" time="0.0"/>
  <testcase name="test2495()" classname="org.autotest.RegressionTest49" time="0.0"/>
  <testcase name="test2496()" classname="org.autotest.RegressionTest49" time="0.0"/>
  <testcase name="test2497()" classname="org.autotest.RegressionTest49" time="0.0"/>
  <testcase name="test2498()" classname="org.autotest.RegressionTest49" time="0.001"/>
  <testcase name="test2499()" classname="org.autotest.RegressionTest49" time="0.0"/>
  <testcase name="test2500()" classname="org.autotest.RegressionTest49" time="0.0"/>
  <system-out><![CDATA[]]></system-out>
  <system-err><![CDATA[]]></system-err>
</testsuite>
