<?xml version="1.0" encoding="UTF-8"?>
<testsuite name="org.autotest.RegressionTest7" tests="50" skipped="0" failures="0" errors="0" timestamp="2024-04-04T22:18:31" hostname="ARJHNQGK3" time="0.029">
  <properties/>
  <testcase name="test0351()" classname="org.autotest.RegressionTest7" time="0.0"/>
  <testcase name="test0352()" classname="org.autotest.RegressionTest7" time="0.0"/>
  <testcase name="test0353()" classname="org.autotest.RegressionTest7" time="0.0"/>
  <testcase name="test0354()" classname="org.autotest.RegressionTest7" time="0.001"/>
  <testcase name="test0355()" classname="org.autotest.RegressionTest7" time="0.001"/>
  <testcase name="test0356()" classname="org.autotest.RegressionTest7" time="0.0"/>
  <testcase name="test0357()" classname="org.autotest.RegressionTest7" time="0.0"/>
  <testcase name="test0358()" classname="org.autotest.RegressionTest7" time="0.0"/>
  <testcase name="test0359()" classname="org.autotest.RegressionTest7" time="0.0"/>
  <testcase name="test0360()" classname="org.autotest.RegressionTest7" time="0.001"/>
  <testcase name="test0361()" classname="org.autotest.RegressionTest7" time="0.0"/>
  <testcase name="test0362()" classname="org.autotest.RegressionTest7" time="0.001"/>
  <testcase name="test0363()" classname="org.autotest.RegressionTest7" time="0.001"/>
  <testcase name="test0364()" classname="org.autotest.RegressionTest7" time="0.0"/>
  <testcase name="test0365()" classname="org.autotest.RegressionTest7" time="0.0"/>
  <testcase name="test0366()" classname="org.autotest.RegressionTest7" time="0.0"/>
  <testcase name="test0367()" classname="org.autotest.RegressionTest7" time="0.0"/>
  <testcase name="test0368()" classname="org.autotest.RegressionTest7" time="0.0"/>
  <testcase name="test0369()" classname="org.autotest.RegressionTest7" time="0.001"/>
  <testcase name="test0370()" classname="org.autotest.RegressionTest7" time="0.001"/>
  <testcase name="test0371()" classname="org.autotest.RegressionTest7" time="0.001"/>
  <testcase name="test0372()" classname="org.autotest.RegressionTest7" time="0.0"/>
  <testcase name="test0373()" classname="org.autotest.RegressionTest7" time="0.0"/>
  <testcase name="test0374()" classname="org.autotest.RegressionTest7" time="0.001"/>
  <testcase name="test0375()" classname="org.autotest.RegressionTest7" time="0.0"/>
  <testcase name="test0376()" classname="org.autotest.RegressionTest7" time="0.0"/>
  <testcase name="test0377()" classname="org.autotest.RegressionTest7" time="0.001"/>
  <testcase name="test0378()" classname="org.autotest.RegressionTest7" time="0.001"/>
  <testcase name="test0379()" classname="org.autotest.RegressionTest7" time="0.0"/>
  <testcase name="test0380()" classname="org.autotest.RegressionTest7" time="0.0"/>
  <testcase name="test0381()" classname="org.autotest.RegressionTest7" time="0.0"/>
  <testcase name="test0382()" classname="org.autotest.RegressionTest7" time="0.0"/>
  <testcase name="test0383()" classname="org.autotest.RegressionTest7" time="0.0"/>
  <testcase name="test0384()" classname="org.autotest.RegressionTest7" time="0.0"/>
  <testcase name="test0385()" classname="org.autotest.RegressionTest7" time="0.001"/>
  <testcase name="test0386()" classname="org.autotest.RegressionTest7" time="0.0"/>
  <testcase name="test0387()" classname="org.autotest.RegressionTest7" time="0.0"/>
  <testcase name="test0388()" classname="org.autotest.RegressionTest7" time="0.0"/>
  <testcase name="test0389()" classname="org.autotest.RegressionTest7" time="0.0"/>
  <testcase name="test0390()" classname="org.autotest.RegressionTest7" time="0.0"/>
  <testcase name="test0391()" classname="org.autotest.RegressionTest7" time="0.001"/>
  <testcase name="test0392()" classname="org.autotest.RegressionTest7" time="0.0"/>
  <testcase name="test0393()" classname="org.autotest.RegressionTest7" time="0.0"/>
  <testcase name="test0394()" classname="org.autotest.RegressionTest7" time="0.001"/>
  <testcase name="test0395()" classname="org.autotest.RegressionTest7" time="0.0"/>
  <testcase name="test0396()" classname="org.autotest.RegressionTest7" time="0.001"/>
  <testcase name="test0397()" classname="org.autotest.RegressionTest7" time="0.0"/>
  <testcase name="test0398()" classname="org.autotest.RegressionTest7" time="0.001"/>
  <testcase name="test0399()" classname="org.autotest.RegressionTest7" time="0.0"/>
  <testcase name="test0400()" classname="org.autotest.RegressionTest7" time="0.001"/>
  <system-out><![CDATA[]]></system-out>
  <system-err><![CDATA[]]></system-err>
</testsuite>
