<?xml version="1.0" encoding="UTF-8"?>
<testsuite name="org.autotest.RegressionTest33" tests="50" skipped="0" failures="0" errors="0" timestamp="2024-04-04T22:18:30" hostname="ARJHNQGK3" time="0.083">
  <properties/>
  <testcase name="test1651()" classname="org.autotest.RegressionTest33" time="0.027"/>
  <testcase name="test1652()" classname="org.autotest.RegressionTest33" time="0.001"/>
  <testcase name="test1653()" classname="org.autotest.RegressionTest33" time="0.001"/>
  <testcase name="test1654()" classname="org.autotest.RegressionTest33" time="0.003"/>
  <testcase name="test1655()" classname="org.autotest.RegressionTest33" time="0.001"/>
  <testcase name="test1656()" classname="org.autotest.RegressionTest33" time="0.002"/>
  <testcase name="test1657()" classname="org.autotest.RegressionTest33" time="0.001"/>
  <testcase name="test1658()" classname="org.autotest.RegressionTest33" time="0.001"/>
  <testcase name="test1659()" classname="org.autotest.RegressionTest33" time="0.001"/>
  <testcase name="test1660()" classname="org.autotest.RegressionTest33" time="0.001"/>
  <testcase name="test1661()" classname="org.autotest.RegressionTest33" time="0.0"/>
  <testcase name="test1662()" classname="org.autotest.RegressionTest33" time="0.0"/>
  <testcase name="test1663()" classname="org.autotest.RegressionTest33" time="0.0"/>
  <testcase name="test1664()" classname="org.autotest.RegressionTest33" time="0.001"/>
  <testcase name="test1665()" classname="org.autotest.RegressionTest33" time="0.001"/>
  <testcase name="test1666()" classname="org.autotest.RegressionTest33" time="0.001"/>
  <testcase name="test1667()" classname="org.autotest.RegressionTest33" time="0.001"/>
  <testcase name="test1668()" classname="org.autotest.RegressionTest33" time="0.001"/>
  <testcase name="test1669()" classname="org.autotest.RegressionTest33" time="0.001"/>
  <testcase name="test1670()" classname="org.autotest.RegressionTest33" time="0.001"/>
  <testcase name="test1671()" classname="org.autotest.RegressionTest33" time="0.0"/>
  <testcase name="test1672()" classname="org.autotest.RegressionTest33" time="0.002"/>
  <testcase name="test1673()" classname="org.autotest.RegressionTest33" time="0.002"/>
  <testcase name="test1674()" classname="org.autotest.RegressionTest33" time="0.001"/>
  <testcase name="test1675()" classname="org.autotest.RegressionTest33" time="0.0"/>
  <testcase name="test1676()" classname="org.autotest.RegressionTest33" time="0.001"/>
  <testcase name="test1677()" classname="org.autotest.RegressionTest33" time="0.0"/>
  <testcase name="test1678()" classname="org.autotest.RegressionTest33" time="0.001"/>
  <testcase name="test1679()" classname="org.autotest.RegressionTest33" time="0.001"/>
  <testcase name="test1680()" classname="org.autotest.RegressionTest33" time="0.0"/>
  <testcase name="test1681()" classname="org.autotest.RegressionTest33" time="0.001"/>
  <testcase name="test1682()" classname="org.autotest.RegressionTest33" time="0.001"/>
  <testcase name="test1683()" classname="org.autotest.RegressionTest33" time="0.0"/>
  <testcase name="test1684()" classname="org.autotest.RegressionTest33" time="0.0"/>
  <testcase name="test1685()" classname="org.autotest.RegressionTest33" time="0.001"/>
  <testcase name="test1686()" classname="org.autotest.RegressionTest33" time="0.001"/>
  <testcase name="test1687()" classname="org.autotest.RegressionTest33" time="0.0"/>
  <testcase name="test1688()" classname="org.autotest.RegressionTest33" time="0.001"/>
  <testcase name="test1689()" classname="org.autotest.RegressionTest33" time="0.001"/>
  <testcase name="test1690()" classname="org.autotest.RegressionTest33" time="0.001"/>
  <testcase name="test1691()" classname="org.autotest.RegressionTest33" time="0.0"/>
  <testcase name="test1692()" classname="org.autotest.RegressionTest33" time="0.001"/>
  <testcase name="test1693()" classname="org.autotest.RegressionTest33" time="0.0"/>
  <testcase name="test1694()" classname="org.autotest.RegressionTest33" time="0.001"/>
  <testcase name="test1695()" classname="org.autotest.RegressionTest33" time="0.001"/>
  <testcase name="test1696()" classname="org.autotest.RegressionTest33" time="0.0"/>
  <testcase name="test1697()" classname="org.autotest.RegressionTest33" time="0.001"/>
  <testcase name="test1698()" classname="org.autotest.RegressionTest33" time="0.0"/>
  <testcase name="test1699()" classname="org.autotest.RegressionTest33" time="0.001"/>
  <testcase name="test1700()" classname="org.autotest.RegressionTest33" time="0.001"/>
  <system-out><![CDATA[]]></system-out>
  <system-err><![CDATA[]]></system-err>
</testsuite>
