<?xml version="1.0" encoding="UTF-8"?>
<testsuite name="org.autotest.RegressionTest45" tests="50" skipped="0" failures="0" errors="0" timestamp="2024-04-04T22:18:31" hostname="ARJHNQGK3" time="0.025">
  <properties/>
  <testcase name="test2251()" classname="org.autotest.RegressionTest45" time="0.0"/>
  <testcase name="test2252()" classname="org.autotest.RegressionTest45" time="0.001"/>
  <testcase name="test2253()" classname="org.autotest.RegressionTest45" time="0.0"/>
  <testcase name="test2254()" classname="org.autotest.RegressionTest45" time="0.001"/>
  <testcase name="test2255()" classname="org.autotest.RegressionTest45" time="0.0"/>
  <testcase name="test2256()" classname="org.autotest.RegressionTest45" time="0.0"/>
  <testcase name="test2257()" classname="org.autotest.RegressionTest45" time="0.0"/>
  <testcase name="test2258()" classname="org.autotest.RegressionTest45" time="0.0"/>
  <testcase name="test2259()" classname="org.autotest.RegressionTest45" time="0.0"/>
  <testcase name="test2260()" classname="org.autotest.RegressionTest45" time="0.0"/>
  <testcase name="test2261()" classname="org.autotest.RegressionTest45" time="0.0"/>
  <testcase name="test2262()" classname="org.autotest.RegressionTest45" time="0.001"/>
  <testcase name="test2263()" classname="org.autotest.RegressionTest45" time="0.0"/>
  <testcase name="test2264()" classname="org.autotest.RegressionTest45" time="0.0"/>
  <testcase name="test2265()" classname="org.autotest.RegressionTest45" time="0.001"/>
  <testcase name="test2266()" classname="org.autotest.RegressionTest45" time="0.001"/>
  <testcase name="test2267()" classname="org.autotest.RegressionTest45" time="0.0"/>
  <testcase name="test2268()" classname="org.autotest.RegressionTest45" time="0.001"/>
  <testcase name="test2269()" classname="org.autotest.RegressionTest45" time="0.0"/>
  <testcase name="test2270()" classname="org.autotest.RegressionTest45" time="0.001"/>
  <testcase name="test2271()" classname="org.autotest.RegressionTest45" time="0.0"/>
  <testcase name="test2272()" classname="org.autotest.RegressionTest45" time="0.0"/>
  <testcase name="test2273()" classname="org.autotest.RegressionTest45" time="0.0"/>
  <testcase name="test2274()" classname="org.autotest.RegressionTest45" time="0.0"/>
  <testcase name="test2275()" classname="org.autotest.RegressionTest45" time="0.001"/>
  <testcase name="test2276()" classname="org.autotest.RegressionTest45" time="0.0"/>
  <testcase name="test2277()" classname="org.autotest.RegressionTest45" time="0.001"/>
  <testcase name="test2278()" classname="org.autotest.RegressionTest45" time="0.0"/>
  <testcase name="test2279()" classname="org.autotest.RegressionTest45" time="0.0"/>
  <testcase name="test2280()" classname="org.autotest.RegressionTest45" time="0.001"/>
  <testcase name="test2281()" classname="org.autotest.RegressionTest45" time="0.001"/>
  <testcase name="test2282()" classname="org.autotest.RegressionTest45" time="0.0"/>
  <testcase name="test2283()" classname="org.autotest.RegressionTest45" time="0.0"/>
  <testcase name="test2284()" classname="org.autotest.RegressionTest45" time="0.0"/>
  <testcase name="test2285()" classname="org.autotest.RegressionTest45" time="0.0"/>
  <testcase name="test2286()" classname="org.autotest.RegressionTest45" time="0.0"/>
  <testcase name="test2287()" classname="org.autotest.RegressionTest45" time="0.0"/>
  <testcase name="test2288()" classname="org.autotest.RegressionTest45" time="0.0"/>
  <testcase name="test2289()" classname="org.autotest.RegressionTest45" time="0.001"/>
  <testcase name="test2290()" classname="org.autotest.RegressionTest45" time="0.0"/>
  <testcase name="test2291()" classname="org.autotest.RegressionTest45" time="0.0"/>
  <testcase name="test2292()" classname="org.autotest.RegressionTest45" time="0.0"/>
  <testcase name="test2293()" classname="org.autotest.RegressionTest45" time="0.001"/>
  <testcase name="test2294()" classname="org.autotest.RegressionTest45" time="0.0"/>
  <testcase name="test2295()" classname="org.autotest.RegressionTest45" time="0.001"/>
  <testcase name="test2296()" classname="org.autotest.RegressionTest45" time="0.001"/>
  <testcase name="test2297()" classname="org.autotest.RegressionTest45" time="0.0"/>
  <testcase name="test2298()" classname="org.autotest.RegressionTest45" time="0.0"/>
  <testcase name="test2299()" classname="org.autotest.RegressionTest45" time="0.0"/>
  <testcase name="test2300()" classname="org.autotest.RegressionTest45" time="0.0"/>
  <system-out><![CDATA[]]></system-out>
  <system-err><![CDATA[]]></system-err>
</testsuite>
