<?xml version="1.0" encoding="UTF-8"?>
<testsuite name="org.autotest.RegressionTest34" tests="50" skipped="0" failures="0" errors="0" timestamp="2024-04-04T22:18:31" hostname="ARJHNQGK3" time="0.015">
  <properties/>
  <testcase name="test1701()" classname="org.autotest.RegressionTest34" time="0.0"/>
  <testcase name="test1702()" classname="org.autotest.RegressionTest34" time="0.0"/>
  <testcase name="test1703()" classname="org.autotest.RegressionTest34" time="0.0"/>
  <testcase name="test1704()" classname="org.autotest.RegressionTest34" time="0.001"/>
  <testcase name="test1705()" classname="org.autotest.RegressionTest34" time="0.0"/>
  <testcase name="test1706()" classname="org.autotest.RegressionTest34" time="0.001"/>
  <testcase name="test1707()" classname="org.autotest.RegressionTest34" time="0.0"/>
  <testcase name="test1708()" classname="org.autotest.RegressionTest34" time="0.0"/>
  <testcase name="test1709()" classname="org.autotest.RegressionTest34" time="0.001"/>
  <testcase name="test1710()" classname="org.autotest.RegressionTest34" time="0.0"/>
  <testcase name="test1711()" classname="org.autotest.RegressionTest34" time="0.0"/>
  <testcase name="test1712()" classname="org.autotest.RegressionTest34" time="0.001"/>
  <testcase name="test1713()" classname="org.autotest.RegressionTest34" time="0.0"/>
  <testcase name="test1714()" classname="org.autotest.RegressionTest34" time="0.0"/>
  <testcase name="test1715()" classname="org.autotest.RegressionTest34" time="0.0"/>
  <testcase name="test1716()" classname="org.autotest.RegressionTest34" time="0.0"/>
  <testcase name="test1717()" classname="org.autotest.RegressionTest34" time="0.0"/>
  <testcase name="test1718()" classname="org.autotest.RegressionTest34" time="0.001"/>
  <testcase name="test1719()" classname="org.autotest.RegressionTest34" time="0.0"/>
  <testcase name="test1720()" classname="org.autotest.RegressionTest34" time="0.0"/>
  <testcase name="test1721()" classname="org.autotest.RegressionTest34" time="0.001"/>
  <testcase name="test1722()" classname="org.autotest.RegressionTest34" time="0.0"/>
  <testcase name="test1723()" classname="org.autotest.RegressionTest34" time="0.0"/>
  <testcase name="test1724()" classname="org.autotest.RegressionTest34" time="0.001"/>
  <testcase name="test1725()" classname="org.autotest.RegressionTest34" time="0.0"/>
  <testcase name="test1726()" classname="org.autotest.RegressionTest34" time="0.0"/>
  <testcase name="test1727()" classname="org.autotest.RegressionTest34" time="0.0"/>
  <testcase name="test1728()" classname="org.autotest.RegressionTest34" time="0.0"/>
  <testcase name="test1729()" classname="org.autotest.RegressionTest34" time="0.0"/>
  <testcase name="test1730()" classname="org.autotest.RegressionTest34" time="0.001"/>
  <testcase name="test1731()" classname="org.autotest.RegressionTest34" time="0.0"/>
  <testcase name="test1732()" classname="org.autotest.RegressionTest34" time="0.001"/>
  <testcase name="test1733()" classname="org.autotest.RegressionTest34" time="0.0"/>
  <testcase name="test1734()" classname="org.autotest.RegressionTest34" time="0.0"/>
  <testcase name="test1735()" classname="org.autotest.RegressionTest34" time="0.0"/>
  <testcase name="test1736()" classname="org.autotest.RegressionTest34" time="0.0"/>
  <testcase name="test1737()" classname="org.autotest.RegressionTest34" time="0.0"/>
  <testcase name="test1738()" classname="org.autotest.RegressionTest34" time="0.0"/>
  <testcase name="test1739()" classname="org.autotest.RegressionTest34" time="0.0"/>
  <testcase name="test1740()" classname="org.autotest.RegressionTest34" time="0.001"/>
  <testcase name="test1741()" classname="org.autotest.RegressionTest34" time="0.0"/>
  <testcase name="test1742()" classname="org.autotest.RegressionTest34" time="0.0"/>
  <testcase name="test1743()" classname="org.autotest.RegressionTest34" time="0.0"/>
  <testcase name="test1744()" classname="org.autotest.RegressionTest34" time="0.001"/>
  <testcase name="test1745()" classname="org.autotest.RegressionTest34" time="0.0"/>
  <testcase name="test1746()" classname="org.autotest.RegressionTest34" time="0.0"/>
  <testcase name="test1747()" classname="org.autotest.RegressionTest34" time="0.0"/>
  <testcase name="test1748()" classname="org.autotest.RegressionTest34" time="0.001"/>
  <testcase name="test1749()" classname="org.autotest.RegressionTest34" time="0.0"/>
  <testcase name="test1750()" classname="org.autotest.RegressionTest34" time="0.0"/>
  <system-out><![CDATA[]]></system-out>
  <system-err><![CDATA[]]></system-err>
</testsuite>
