<?xml version="1.0" encoding="UTF-8"?>
<testsuite name="org.autotest.RegressionTestExtended" tests="2" skipped="0" failures="0" errors="0" timestamp="2024-04-04T22:18:31" hostname="ARJHNQGK3" time="0.0">
  <properties/>
  <testcase name="testEqualsMethod()" classname="org.autotest.RegressionTestExtended" time="0.0"/>
  <testcase name="testHashcode()" classname="org.autotest.RegressionTestExtended" time="0.0"/>
  <system-out><![CDATA[]]></system-out>
  <system-err><![CDATA[]]></system-err>
</testsuite>
