<?xml version="1.0" encoding="UTF-8"?>
<testsuite name="org.autotest.RegressionTest17" tests="50" skipped="0" failures="0" errors="0" timestamp="2024-04-04T22:18:31" hostname="ARJHNQGK3" time="0.019">
  <properties/>
  <testcase name="test0851()" classname="org.autotest.RegressionTest17" time="0.001"/>
  <testcase name="test0852()" classname="org.autotest.RegressionTest17" time="0.0"/>
  <testcase name="test0853()" classname="org.autotest.RegressionTest17" time="0.001"/>
  <testcase name="test0854()" classname="org.autotest.RegressionTest17" time="0.0"/>
  <testcase name="test0855()" classname="org.autotest.RegressionTest17" time="0.001"/>
  <testcase name="test0856()" classname="org.autotest.RegressionTest17" time="0.0"/>
  <testcase name="test0857()" classname="org.autotest.RegressionTest17" time="0.001"/>
  <testcase name="test0858()" classname="org.autotest.RegressionTest17" time="0.0"/>
  <testcase name="test0859()" classname="org.autotest.RegressionTest17" time="0.001"/>
  <testcase name="test0860()" classname="org.autotest.RegressionTest17" time="0.0"/>
  <testcase name="test0861()" classname="org.autotest.RegressionTest17" time="0.0"/>
  <testcase name="test0862()" classname="org.autotest.RegressionTest17" time="0.0"/>
  <testcase name="test0863()" classname="org.autotest.RegressionTest17" time="0.001"/>
  <testcase name="test0864()" classname="org.autotest.RegressionTest17" time="0.0"/>
  <testcase name="test0865()" classname="org.autotest.RegressionTest17" time="0.001"/>
  <testcase name="test0866()" classname="org.autotest.RegressionTest17" time="0.0"/>
  <testcase name="test0867()" classname="org.autotest.RegressionTest17" time="0.001"/>
  <testcase name="test0868()" classname="org.autotest.RegressionTest17" time="0.0"/>
  <testcase name="test0869()" classname="org.autotest.RegressionTest17" time="0.0"/>
  <testcase name="test0870()" classname="org.autotest.RegressionTest17" time="0.001"/>
  <testcase name="test0871()" classname="org.autotest.RegressionTest17" time="0.0"/>
  <testcase name="test0872()" classname="org.autotest.RegressionTest17" time="0.0"/>
  <testcase name="test0873()" classname="org.autotest.RegressionTest17" time="0.001"/>
  <testcase name="test0874()" classname="org.autotest.RegressionTest17" time="0.0"/>
  <testcase name="test0875()" classname="org.autotest.RegressionTest17" time="0.0"/>
  <testcase name="test0876()" classname="org.autotest.RegressionTest17" time="0.001"/>
  <testcase name="test0877()" classname="org.autotest.RegressionTest17" time="0.0"/>
  <testcase name="test0878()" classname="org.autotest.RegressionTest17" time="0.0"/>
  <testcase name="test0879()" classname="org.autotest.RegressionTest17" time="0.0"/>
  <testcase name="test0880()" classname="org.autotest.RegressionTest17" time="0.0"/>
  <testcase name="test0881()" classname="org.autotest.RegressionTest17" time="0.0"/>
  <testcase name="test0882()" classname="org.autotest.RegressionTest17" time="0.001"/>
  <testcase name="test0883()" classname="org.autotest.RegressionTest17" time="0.0"/>
  <testcase name="test0884()" classname="org.autotest.RegressionTest17" time="0.0"/>
  <testcase name="test0885()" classname="org.autotest.RegressionTest17" time="0.0"/>
  <testcase name="test0886()" classname="org.autotest.RegressionTest17" time="0.001"/>
  <testcase name="test0887()" classname="org.autotest.RegressionTest17" time="0.001"/>
  <testcase name="test0888()" classname="org.autotest.RegressionTest17" time="0.0"/>
  <testcase name="test0889()" classname="org.autotest.RegressionTest17" time="0.0"/>
  <testcase name="test0890()" classname="org.autotest.RegressionTest17" time="0.0"/>
  <testcase name="test0891()" classname="org.autotest.RegressionTest17" time="0.001"/>
  <testcase name="test0892()" classname="org.autotest.RegressionTest17" time="0.0"/>
  <testcase name="test0893()" classname="org.autotest.RegressionTest17" time="0.0"/>
  <testcase name="test0894()" classname="org.autotest.RegressionTest17" time="0.0"/>
  <testcase name="test0895()" classname="org.autotest.RegressionTest17" time="0.0"/>
  <testcase name="test0896()" classname="org.autotest.RegressionTest17" time="0.0"/>
  <testcase name="test0897()" classname="org.autotest.RegressionTest17" time="0.0"/>
  <testcase name="test0898()" classname="org.autotest.RegressionTest17" time="0.001"/>
  <testcase name="test0899()" classname="org.autotest.RegressionTest17" time="0.0"/>
  <testcase name="test0900()" classname="org.autotest.RegressionTest17" time="0.001"/>
  <system-out><![CDATA[]]></system-out>
  <system-err><![CDATA[]]></system-err>
</testsuite>
