<?xml version="1.0" encoding="UTF-8"?>
<testsuite name="org.autotest.RegressionTest4" tests="50" skipped="0" failures="0" errors="0" timestamp="2024-04-04T22:18:31" hostname="ARJHNQGK3" time="0.02">
  <properties/>
  <testcase name="test0201()" classname="org.autotest.RegressionTest4" time="0.0"/>
  <testcase name="test0202()" classname="org.autotest.RegressionTest4" time="0.0"/>
  <testcase name="test0203()" classname="org.autotest.RegressionTest4" time="0.001"/>
  <testcase name="test0204()" classname="org.autotest.RegressionTest4" time="0.0"/>
  <testcase name="test0205()" classname="org.autotest.RegressionTest4" time="0.001"/>
  <testcase name="test0206()" classname="org.autotest.RegressionTest4" time="0.0"/>
  <testcase name="test0207()" classname="org.autotest.RegressionTest4" time="0.0"/>
  <testcase name="test0208()" classname="org.autotest.RegressionTest4" time="0.001"/>
  <testcase name="test0209()" classname="org.autotest.RegressionTest4" time="0.0"/>
  <testcase name="test0210()" classname="org.autotest.RegressionTest4" time="0.001"/>
  <testcase name="test0211()" classname="org.autotest.RegressionTest4" time="0.0"/>
  <testcase name="test0212()" classname="org.autotest.RegressionTest4" time="0.0"/>
  <testcase name="test0213()" classname="org.autotest.RegressionTest4" time="0.001"/>
  <testcase name="test0214()" classname="org.autotest.RegressionTest4" time="0.0"/>
  <testcase name="test0215()" classname="org.autotest.RegressionTest4" time="0.0"/>
  <testcase name="test0216()" classname="org.autotest.RegressionTest4" time="0.0"/>
  <testcase name="test0217()" classname="org.autotest.RegressionTest4" time="0.0"/>
  <testcase name="test0218()" classname="org.autotest.RegressionTest4" time="0.001"/>
  <testcase name="test0219()" classname="org.autotest.RegressionTest4" time="0.0"/>
  <testcase name="test0220()" classname="org.autotest.RegressionTest4" time="0.0"/>
  <testcase name="test0221()" classname="org.autotest.RegressionTest4" time="0.001"/>
  <testcase name="test0222()" classname="org.autotest.RegressionTest4" time="0.0"/>
  <testcase name="test0223()" classname="org.autotest.RegressionTest4" time="0.0"/>
  <testcase name="test0224()" classname="org.autotest.RegressionTest4" time="0.0"/>
  <testcase name="test0225()" classname="org.autotest.RegressionTest4" time="0.001"/>
  <testcase name="test0226()" classname="org.autotest.RegressionTest4" time="0.0"/>
  <testcase name="test0227()" classname="org.autotest.RegressionTest4" time="0.0"/>
  <testcase name="test0228()" classname="org.autotest.RegressionTest4" time="0.0"/>
  <testcase name="test0229()" classname="org.autotest.RegressionTest4" time="0.0"/>
  <testcase name="test0230()" classname="org.autotest.RegressionTest4" time="0.0"/>
  <testcase name="test0231()" classname="org.autotest.RegressionTest4" time="0.001"/>
  <testcase name="test0232()" classname="org.autotest.RegressionTest4" time="0.0"/>
  <testcase name="test0233()" classname="org.autotest.RegressionTest4" time="0.001"/>
  <testcase name="test0234()" classname="org.autotest.RegressionTest4" time="0.001"/>
  <testcase name="test0235()" classname="org.autotest.RegressionTest4" time="0.0"/>
  <testcase name="test0236()" classname="org.autotest.RegressionTest4" time="0.0"/>
  <testcase name="test0237()" classname="org.autotest.RegressionTest4" time="0.001"/>
  <testcase name="test0238()" classname="org.autotest.RegressionTest4" time="0.0"/>
  <testcase name="test0239()" classname="org.autotest.RegressionTest4" time="0.001"/>
  <testcase name="test0240()" classname="org.autotest.RegressionTest4" time="0.0"/>
  <testcase name="test0241()" classname="org.autotest.RegressionTest4" time="0.0"/>
  <testcase name="test0242()" classname="org.autotest.RegressionTest4" time="0.001"/>
  <testcase name="test0243()" classname="org.autotest.RegressionTest4" time="0.0"/>
  <testcase name="test0244()" classname="org.autotest.RegressionTest4" time="0.001"/>
  <testcase name="test0245()" classname="org.autotest.RegressionTest4" time="0.0"/>
  <testcase name="test0246()" classname="org.autotest.RegressionTest4" time="0.001"/>
  <testcase name="test0247()" classname="org.autotest.RegressionTest4" time="0.0"/>
  <testcase name="test0248()" classname="org.autotest.RegressionTest4" time="0.0"/>
  <testcase name="test0249()" classname="org.autotest.RegressionTest4" time="0.0"/>
  <testcase name="test0250()" classname="org.autotest.RegressionTest4" time="0.0"/>
  <system-out><![CDATA[]]></system-out>
  <system-err><![CDATA[]]></system-err>
</testsuite>
