<?xml version="1.0" encoding="UTF-8"?>
<testsuite name="org.autotest.RegressionTest8" tests="50" skipped="0" failures="0" errors="0" timestamp="2024-04-04T22:18:31" hostname="ARJHNQGK3" time="0.011">
  <properties/>
  <testcase name="test0401()" classname="org.autotest.RegressionTest8" time="0.0"/>
  <testcase name="test0402()" classname="org.autotest.RegressionTest8" time="0.0"/>
  <testcase name="test0403()" classname="org.autotest.RegressionTest8" time="0.0"/>
  <testcase name="test0404()" classname="org.autotest.RegressionTest8" time="0.001"/>
  <testcase name="test0405()" classname="org.autotest.RegressionTest8" time="0.0"/>
  <testcase name="test0406()" classname="org.autotest.RegressionTest8" time="0.0"/>
  <testcase name="test0407()" classname="org.autotest.RegressionTest8" time="0.0"/>
  <testcase name="test0408()" classname="org.autotest.RegressionTest8" time="0.0"/>
  <testcase name="test0409()" classname="org.autotest.RegressionTest8" time="0.0"/>
  <testcase name="test0410()" classname="org.autotest.RegressionTest8" time="0.0"/>
  <testcase name="test0411()" classname="org.autotest.RegressionTest8" time="0.0"/>
  <testcase name="test0412()" classname="org.autotest.RegressionTest8" time="0.0"/>
  <testcase name="test0413()" classname="org.autotest.RegressionTest8" time="0.0"/>
  <testcase name="test0414()" classname="org.autotest.RegressionTest8" time="0.0"/>
  <testcase name="test0415()" classname="org.autotest.RegressionTest8" time="0.0"/>
  <testcase name="test0416()" classname="org.autotest.RegressionTest8" time="0.0"/>
  <testcase name="test0417()" classname="org.autotest.RegressionTest8" time="0.0"/>
  <testcase name="test0418()" classname="org.autotest.RegressionTest8" time="0.001"/>
  <testcase name="test0419()" classname="org.autotest.RegressionTest8" time="0.0"/>
  <testcase name="test0420()" classname="org.autotest.RegressionTest8" time="0.0"/>
  <testcase name="test0421()" classname="org.autotest.RegressionTest8" time="0.0"/>
  <testcase name="test0422()" classname="org.autotest.RegressionTest8" time="0.0"/>
  <testcase name="test0423()" classname="org.autotest.RegressionTest8" time="0.0"/>
  <testcase name="test0424()" classname="org.autotest.RegressionTest8" time="0.0"/>
  <testcase name="test0425()" classname="org.autotest.RegressionTest8" time="0.0"/>
  <testcase name="test0426()" classname="org.autotest.RegressionTest8" time="0.0"/>
  <testcase name="test0427()" classname="org.autotest.RegressionTest8" time="0.0"/>
  <testcase name="test0428()" classname="org.autotest.RegressionTest8" time="0.0"/>
  <testcase name="test0429()" classname="org.autotest.RegressionTest8" time="0.0"/>
  <testcase name="test0430()" classname="org.autotest.RegressionTest8" time="0.0"/>
  <testcase name="test0431()" classname="org.autotest.RegressionTest8" time="0.0"/>
  <testcase name="test0432()" classname="org.autotest.RegressionTest8" time="0.0"/>
  <testcase name="test0433()" classname="org.autotest.RegressionTest8" time="0.0"/>
  <testcase name="test0434()" classname="org.autotest.RegressionTest8" time="0.001"/>
  <testcase name="test0435()" classname="org.autotest.RegressionTest8" time="0.0"/>
  <testcase name="test0436()" classname="org.autotest.RegressionTest8" time="0.0"/>
  <testcase name="test0437()" classname="org.autotest.RegressionTest8" time="0.0"/>
  <testcase name="test0438()" classname="org.autotest.RegressionTest8" time="0.0"/>
  <testcase name="test0439()" classname="org.autotest.RegressionTest8" time="0.0"/>
  <testcase name="test0440()" classname="org.autotest.RegressionTest8" time="0.001"/>
  <testcase name="test0441()" classname="org.autotest.RegressionTest8" time="0.0"/>
  <testcase name="test0442()" classname="org.autotest.RegressionTest8" time="0.0"/>
  <testcase name="test0443()" classname="org.autotest.RegressionTest8" time="0.0"/>
  <testcase name="test0444()" classname="org.autotest.RegressionTest8" time="0.0"/>
  <testcase name="test0445()" classname="org.autotest.RegressionTest8" time="0.001"/>
  <testcase name="test0446()" classname="org.autotest.RegressionTest8" time="0.0"/>
  <testcase name="test0447()" classname="org.autotest.RegressionTest8" time="0.0"/>
  <testcase name="test0448()" classname="org.autotest.RegressionTest8" time="0.0"/>
  <testcase name="test0449()" classname="org.autotest.RegressionTest8" time="0.0"/>
  <testcase name="test0450()" classname="org.autotest.RegressionTest8" time="0.001"/>
  <system-out><![CDATA[]]></system-out>
  <system-err><![CDATA[]]></system-err>
</testsuite>
