<?xml version="1.0" encoding="UTF-8"?>
<testsuite name="org.autotest.RegressionTest14" tests="50" skipped="0" failures="0" errors="0" timestamp="2024-04-04T22:18:31" hostname="ARJHNQGK3" time="0.01">
  <properties/>
  <testcase name="test0701()" classname="org.autotest.RegressionTest14" time="0.0"/>
  <testcase name="test0702()" classname="org.autotest.RegressionTest14" time="0.001"/>
  <testcase name="test0703()" classname="org.autotest.RegressionTest14" time="0.0"/>
  <testcase name="test0704()" classname="org.autotest.RegressionTest14" time="0.0"/>
  <testcase name="test0705()" classname="org.autotest.RegressionTest14" time="0.0"/>
  <testcase name="test0706()" classname="org.autotest.RegressionTest14" time="0.0"/>
  <testcase name="test0707()" classname="org.autotest.RegressionTest14" time="0.001"/>
  <testcase name="test0708()" classname="org.autotest.RegressionTest14" time="0.0"/>
  <testcase name="test0709()" classname="org.autotest.RegressionTest14" time="0.0"/>
  <testcase name="test0710()" classname="org.autotest.RegressionTest14" time="0.001"/>
  <testcase name="test0711()" classname="org.autotest.RegressionTest14" time="0.0"/>
  <testcase name="test0712()" classname="org.autotest.RegressionTest14" time="0.0"/>
  <testcase name="test0713()" classname="org.autotest.RegressionTest14" time="0.0"/>
  <testcase name="test0714()" classname="org.autotest.RegressionTest14" time="0.0"/>
  <testcase name="test0715()" classname="org.autotest.RegressionTest14" time="0.0"/>
  <testcase name="test0716()" classname="org.autotest.RegressionTest14" time="0.0"/>
  <testcase name="test0717()" classname="org.autotest.RegressionTest14" time="0.0"/>
  <testcase name="test0718()" classname="org.autotest.RegressionTest14" time="0.0"/>
  <testcase name="test0719()" classname="org.autotest.RegressionTest14" time="0.0"/>
  <testcase name="test0720()" classname="org.autotest.RegressionTest14" time="0.0"/>
  <testcase name="test0721()" classname="org.autotest.RegressionTest14" time="0.0"/>
  <testcase name="test0722()" classname="org.autotest.RegressionTest14" time="0.0"/>
  <testcase name="test0723()" classname="org.autotest.RegressionTest14" time="0.0"/>
  <testcase name="test0724()" classname="org.autotest.RegressionTest14" time="0.0"/>
  <testcase name="test0725()" classname="org.autotest.RegressionTest14" time="0.0"/>
  <testcase name="test0726()" classname="org.autotest.RegressionTest14" time="0.0"/>
  <testcase name="test0727()" classname="org.autotest.RegressionTest14" time="0.0"/>
  <testcase name="test0728()" classname="org.autotest.RegressionTest14" time="0.0"/>
  <testcase name="test0729()" classname="org.autotest.RegressionTest14" time="0.0"/>
  <testcase name="test0730()" classname="org.autotest.RegressionTest14" time="0.0"/>
  <testcase name="test0731()" classname="org.autotest.RegressionTest14" time="0.0"/>
  <testcase name="test0732()" classname="org.autotest.RegressionTest14" time="0.0"/>
  <testcase name="test0733()" classname="org.autotest.RegressionTest14" time="0.001"/>
  <testcase name="test0734()" classname="org.autotest.RegressionTest14" time="0.0"/>
  <testcase name="test0735()" classname="org.autotest.RegressionTest14" time="0.0"/>
  <testcase name="test0736()" classname="org.autotest.RegressionTest14" time="0.0"/>
  <testcase name="test0737()" classname="org.autotest.RegressionTest14" time="0.0"/>
  <testcase name="test0738()" classname="org.autotest.RegressionTest14" time="0.0"/>
  <testcase name="test0739()" classname="org.autotest.RegressionTest14" time="0.001"/>
  <testcase name="test0740()" classname="org.autotest.RegressionTest14" time="0.0"/>
  <testcase name="test0741()" classname="org.autotest.RegressionTest14" time="0.0"/>
  <testcase name="test0742()" classname="org.autotest.RegressionTest14" time="0.0"/>
  <testcase name="test0743()" classname="org.autotest.RegressionTest14" time="0.0"/>
  <testcase name="test0744()" classname="org.autotest.RegressionTest14" time="0.0"/>
  <testcase name="test0745()" classname="org.autotest.RegressionTest14" time="0.0"/>
  <testcase name="test0746()" classname="org.autotest.RegressionTest14" time="0.0"/>
  <testcase name="test0747()" classname="org.autotest.RegressionTest14" time="0.001"/>
  <testcase name="test0748()" classname="org.autotest.RegressionTest14" time="0.0"/>
  <testcase name="test0749()" classname="org.autotest.RegressionTest14" time="0.0"/>
  <testcase name="test0750()" classname="org.autotest.RegressionTest14" time="0.0"/>
  <system-out><![CDATA[]]></system-out>
  <system-err><![CDATA[]]></system-err>
</testsuite>
