<?xml version="1.0" encoding="UTF-8"?>
<testsuite name="org.autotest.RegressionTest42" tests="50" skipped="0" failures="0" errors="0" timestamp="2024-04-04T22:18:31" hostname="ARJHNQGK3" time="0.008">
  <properties/>
  <testcase name="test2101()" classname="org.autotest.RegressionTest42" time="0.0"/>
  <testcase name="test2102()" classname="org.autotest.RegressionTest42" time="0.0"/>
  <testcase name="test2103()" classname="org.autotest.RegressionTest42" time="0.0"/>
  <testcase name="test2104()" classname="org.autotest.RegressionTest42" time="0.0"/>
  <testcase name="test2105()" classname="org.autotest.RegressionTest42" time="0.0"/>
  <testcase name="test2106()" classname="org.autotest.RegressionTest42" time="0.0"/>
  <testcase name="test2107()" classname="org.autotest.RegressionTest42" time="0.0"/>
  <testcase name="test2108()" classname="org.autotest.RegressionTest42" time="0.001"/>
  <testcase name="test2109()" classname="org.autotest.RegressionTest42" time="0.0"/>
  <testcase name="test2110()" classname="org.autotest.RegressionTest42" time="0.0"/>
  <testcase name="test2111()" classname="org.autotest.RegressionTest42" time="0.0"/>
  <testcase name="test2112()" classname="org.autotest.RegressionTest42" time="0.0"/>
  <testcase name="test2113()" classname="org.autotest.RegressionTest42" time="0.0"/>
  <testcase name="test2114()" classname="org.autotest.RegressionTest42" time="0.0"/>
  <testcase name="test2115()" classname="org.autotest.RegressionTest42" time="0.0"/>
  <testcase name="test2116()" classname="org.autotest.RegressionTest42" time="0.0"/>
  <testcase name="test2117()" classname="org.autotest.RegressionTest42" time="0.0"/>
  <testcase name="test2118()" classname="org.autotest.RegressionTest42" time="0.001"/>
  <testcase name="test2119()" classname="org.autotest.RegressionTest42" time="0.0"/>
  <testcase name="test2120()" classname="org.autotest.RegressionTest42" time="0.0"/>
  <testcase name="test2121()" classname="org.autotest.RegressionTest42" time="0.0"/>
  <testcase name="test2122()" classname="org.autotest.RegressionTest42" time="0.0"/>
  <testcase name="test2123()" classname="org.autotest.RegressionTest42" time="0.001"/>
  <testcase name="test2124()" classname="org.autotest.RegressionTest42" time="0.0"/>
  <testcase name="test2125()" classname="org.autotest.RegressionTest42" time="0.0"/>
  <testcase name="test2126()" classname="org.autotest.RegressionTest42" time="0.0"/>
  <testcase name="test2127()" classname="org.autotest.RegressionTest42" time="0.0"/>
  <testcase name="test2128()" classname="org.autotest.RegressionTest42" time="0.0"/>
  <testcase name="test2129()" classname="org.autotest.RegressionTest42" time="0.0"/>
  <testcase name="test2130()" classname="org.autotest.RegressionTest42" time="0.001"/>
  <testcase name="test2131()" classname="org.autotest.RegressionTest42" time="0.0"/>
  <testcase name="test2132()" classname="org.autotest.RegressionTest42" time="0.0"/>
  <testcase name="test2133()" classname="org.autotest.RegressionTest42" time="0.0"/>
  <testcase name="test2134()" classname="org.autotest.RegressionTest42" time="0.0"/>
  <testcase name="test2135()" classname="org.autotest.RegressionTest42" time="0.0"/>
  <testcase name="test2136()" classname="org.autotest.RegressionTest42" time="0.001"/>
  <testcase name="test2137()" classname="org.autotest.RegressionTest42" time="0.0"/>
  <testcase name="test2138()" classname="org.autotest.RegressionTest42" time="0.0"/>
  <testcase name="test2139()" classname="org.autotest.RegressionTest42" time="0.0"/>
  <testcase name="test2140()" classname="org.autotest.RegressionTest42" time="0.0"/>
  <testcase name="test2141()" classname="org.autotest.RegressionTest42" time="0.001"/>
  <testcase name="test2142()" classname="org.autotest.RegressionTest42" time="0.0"/>
  <testcase name="test2143()" classname="org.autotest.RegressionTest42" time="0.0"/>
  <testcase name="test2144()" classname="org.autotest.RegressionTest42" time="0.0"/>
  <testcase name="test2145()" classname="org.autotest.RegressionTest42" time="0.0"/>
  <testcase name="test2146()" classname="org.autotest.RegressionTest42" time="0.0"/>
  <testcase name="test2147()" classname="org.autotest.RegressionTest42" time="0.001"/>
  <testcase name="test2148()" classname="org.autotest.RegressionTest42" time="0.0"/>
  <testcase name="test2149()" classname="org.autotest.RegressionTest42" time="0.0"/>
  <testcase name="test2150()" classname="org.autotest.RegressionTest42" time="0.0"/>
  <system-out><![CDATA[]]></system-out>
  <system-err><![CDATA[]]></system-err>
</testsuite>
