<?xml version="1.0" encoding="UTF-8"?>
<testsuite name="org.autotest.RegressionTest32" tests="50" skipped="0" failures="0" errors="0" timestamp="2024-04-04T22:18:31" hostname="ARJHNQGK3" time="0.012">
  <properties/>
  <testcase name="test1601()" classname="org.autotest.RegressionTest32" time="0.0"/>
  <testcase name="test1602()" classname="org.autotest.RegressionTest32" time="0.0"/>
  <testcase name="test1603()" classname="org.autotest.RegressionTest32" time="0.0"/>
  <testcase name="test1604()" classname="org.autotest.RegressionTest32" time="0.001"/>
  <testcase name="test1605()" classname="org.autotest.RegressionTest32" time="0.0"/>
  <testcase name="test1606()" classname="org.autotest.RegressionTest32" time="0.0"/>
  <testcase name="test1607()" classname="org.autotest.RegressionTest32" time="0.0"/>
  <testcase name="test1608()" classname="org.autotest.RegressionTest32" time="0.001"/>
  <testcase name="test1609()" classname="org.autotest.RegressionTest32" time="0.0"/>
  <testcase name="test1610()" classname="org.autotest.RegressionTest32" time="0.0"/>
  <testcase name="test1611()" classname="org.autotest.RegressionTest32" time="0.0"/>
  <testcase name="test1612()" classname="org.autotest.RegressionTest32" time="0.001"/>
  <testcase name="test1613()" classname="org.autotest.RegressionTest32" time="0.0"/>
  <testcase name="test1614()" classname="org.autotest.RegressionTest32" time="0.0"/>
  <testcase name="test1615()" classname="org.autotest.RegressionTest32" time="0.0"/>
  <testcase name="test1616()" classname="org.autotest.RegressionTest32" time="0.001"/>
  <testcase name="test1617()" classname="org.autotest.RegressionTest32" time="0.0"/>
  <testcase name="test1618()" classname="org.autotest.RegressionTest32" time="0.0"/>
  <testcase name="test1619()" classname="org.autotest.RegressionTest32" time="0.001"/>
  <testcase name="test1620()" classname="org.autotest.RegressionTest32" time="0.0"/>
  <testcase name="test1621()" classname="org.autotest.RegressionTest32" time="0.0"/>
  <testcase name="test1622()" classname="org.autotest.RegressionTest32" time="0.0"/>
  <testcase name="test1623()" classname="org.autotest.RegressionTest32" time="0.001"/>
  <testcase name="test1624()" classname="org.autotest.RegressionTest32" time="0.0"/>
  <testcase name="test1625()" classname="org.autotest.RegressionTest32" time="0.0"/>
  <testcase name="test1626()" classname="org.autotest.RegressionTest32" time="0.001"/>
  <testcase name="test1627()" classname="org.autotest.RegressionTest32" time="0.0"/>
  <testcase name="test1628()" classname="org.autotest.RegressionTest32" time="0.0"/>
  <testcase name="test1629()" classname="org.autotest.RegressionTest32" time="0.0"/>
  <testcase name="test1630()" classname="org.autotest.RegressionTest32" time="0.0"/>
  <testcase name="test1631()" classname="org.autotest.RegressionTest32" time="0.001"/>
  <testcase name="test1632()" classname="org.autotest.RegressionTest32" time="0.001"/>
  <testcase name="test1633()" classname="org.autotest.RegressionTest32" time="0.0"/>
  <testcase name="test1634()" classname="org.autotest.RegressionTest32" time="0.0"/>
  <testcase name="test1635()" classname="org.autotest.RegressionTest32" time="0.001"/>
  <testcase name="test1636()" classname="org.autotest.RegressionTest32" time="0.0"/>
  <testcase name="test1637()" classname="org.autotest.RegressionTest32" time="0.0"/>
  <testcase name="test1638()" classname="org.autotest.RegressionTest32" time="0.0"/>
  <testcase name="test1639()" classname="org.autotest.RegressionTest32" time="0.0"/>
  <testcase name="test1640()" classname="org.autotest.RegressionTest32" time="0.0"/>
  <testcase name="test1641()" classname="org.autotest.RegressionTest32" time="0.0"/>
  <testcase name="test1642()" classname="org.autotest.RegressionTest32" time="0.0"/>
  <testcase name="test1643()" classname="org.autotest.RegressionTest32" time="0.0"/>
  <testcase name="test1644()" classname="org.autotest.RegressionTest32" time="0.0"/>
  <testcase name="test1645()" classname="org.autotest.RegressionTest32" time="0.0"/>
  <testcase name="test1646()" classname="org.autotest.RegressionTest32" time="0.0"/>
  <testcase name="test1647()" classname="org.autotest.RegressionTest32" time="0.001"/>
  <testcase name="test1648()" classname="org.autotest.RegressionTest32" time="0.0"/>
  <testcase name="test1649()" classname="org.autotest.RegressionTest32" time="0.0"/>
  <testcase name="test1650()" classname="org.autotest.RegressionTest32" time="0.0"/>
  <system-out><![CDATA[]]></system-out>
  <system-err><![CDATA[]]></system-err>
</testsuite>
