<?xml version="1.0" encoding="UTF-8"?>
<testsuite name="org.autotest.RegressionTest11" tests="50" skipped="0" failures="0" errors="0" timestamp="2024-04-04T22:18:31" hostname="ARJHNQGK3" time="0.013">
  <properties/>
  <testcase name="test0551()" classname="org.autotest.RegressionTest11" time="0.0"/>
  <testcase name="test0552()" classname="org.autotest.RegressionTest11" time="0.0"/>
  <testcase name="test0553()" classname="org.autotest.RegressionTest11" time="0.001"/>
  <testcase name="test0554()" classname="org.autotest.RegressionTest11" time="0.0"/>
  <testcase name="test0555()" classname="org.autotest.RegressionTest11" time="0.0"/>
  <testcase name="test0556()" classname="org.autotest.RegressionTest11" time="0.0"/>
  <testcase name="test0557()" classname="org.autotest.RegressionTest11" time="0.001"/>
  <testcase name="test0558()" classname="org.autotest.RegressionTest11" time="0.0"/>
  <testcase name="test0559()" classname="org.autotest.RegressionTest11" time="0.0"/>
  <testcase name="test0560()" classname="org.autotest.RegressionTest11" time="0.001"/>
  <testcase name="test0561()" classname="org.autotest.RegressionTest11" time="0.0"/>
  <testcase name="test0562()" classname="org.autotest.RegressionTest11" time="0.0"/>
  <testcase name="test0563()" classname="org.autotest.RegressionTest11" time="0.0"/>
  <testcase name="test0564()" classname="org.autotest.RegressionTest11" time="0.0"/>
  <testcase name="test0565()" classname="org.autotest.RegressionTest11" time="0.001"/>
  <testcase name="test0566()" classname="org.autotest.RegressionTest11" time="0.0"/>
  <testcase name="test0567()" classname="org.autotest.RegressionTest11" time="0.0"/>
  <testcase name="test0568()" classname="org.autotest.RegressionTest11" time="0.001"/>
  <testcase name="test0569()" classname="org.autotest.RegressionTest11" time="0.0"/>
  <testcase name="test0570()" classname="org.autotest.RegressionTest11" time="0.0"/>
  <testcase name="test0571()" classname="org.autotest.RegressionTest11" time="0.0"/>
  <testcase name="test0572()" classname="org.autotest.RegressionTest11" time="0.001"/>
  <testcase name="test0573()" classname="org.autotest.RegressionTest11" time="0.0"/>
  <testcase name="test0574()" classname="org.autotest.RegressionTest11" time="0.0"/>
  <testcase name="test0575()" classname="org.autotest.RegressionTest11" time="0.0"/>
  <testcase name="test0576()" classname="org.autotest.RegressionTest11" time="0.001"/>
  <testcase name="test0577()" classname="org.autotest.RegressionTest11" time="0.0"/>
  <testcase name="test0578()" classname="org.autotest.RegressionTest11" time="0.0"/>
  <testcase name="test0579()" classname="org.autotest.RegressionTest11" time="0.0"/>
  <testcase name="test0580()" classname="org.autotest.RegressionTest11" time="0.0"/>
  <testcase name="test0581()" classname="org.autotest.RegressionTest11" time="0.0"/>
  <testcase name="test0582()" classname="org.autotest.RegressionTest11" time="0.001"/>
  <testcase name="test0583()" classname="org.autotest.RegressionTest11" time="0.0"/>
  <testcase name="test0584()" classname="org.autotest.RegressionTest11" time="0.0"/>
  <testcase name="test0585()" classname="org.autotest.RegressionTest11" time="0.001"/>
  <testcase name="test0586()" classname="org.autotest.RegressionTest11" time="0.0"/>
  <testcase name="test0587()" classname="org.autotest.RegressionTest11" time="0.0"/>
  <testcase name="test0588()" classname="org.autotest.RegressionTest11" time="0.0"/>
  <testcase name="test0589()" classname="org.autotest.RegressionTest11" time="0.001"/>
  <testcase name="test0590()" classname="org.autotest.RegressionTest11" time="0.0"/>
  <testcase name="test0591()" classname="org.autotest.RegressionTest11" time="0.0"/>
  <testcase name="test0592()" classname="org.autotest.RegressionTest11" time="0.0"/>
  <testcase name="test0593()" classname="org.autotest.RegressionTest11" time="0.0"/>
  <testcase name="test0594()" classname="org.autotest.RegressionTest11" time="0.0"/>
  <testcase name="test0595()" classname="org.autotest.RegressionTest11" time="0.0"/>
  <testcase name="test0596()" classname="org.autotest.RegressionTest11" time="0.0"/>
  <testcase name="test0597()" classname="org.autotest.RegressionTest11" time="0.001"/>
  <testcase name="test0598()" classname="org.autotest.RegressionTest11" time="0.0"/>
  <testcase name="test0599()" classname="org.autotest.RegressionTest11" time="0.0"/>
  <testcase name="test0600()" classname="org.autotest.RegressionTest11" time="0.0"/>
  <system-out><![CDATA[]]></system-out>
  <system-err><![CDATA[]]></system-err>
</testsuite>
