<?xml version="1.0" encoding="UTF-8"?>
<testsuite name="org.autotest.RegressionTest27" tests="50" skipped="0" failures="0" errors="0" timestamp="2024-04-04T22:18:31" hostname="ARJHNQGK3" time="0.009">
  <properties/>
  <testcase name="test1351()" classname="org.autotest.RegressionTest27" time="0.0"/>
  <testcase name="test1352()" classname="org.autotest.RegressionTest27" time="0.0"/>
  <testcase name="test1353()" classname="org.autotest.RegressionTest27" time="0.0"/>
  <testcase name="test1354()" classname="org.autotest.RegressionTest27" time="0.001"/>
  <testcase name="test1355()" classname="org.autotest.RegressionTest27" time="0.0"/>
  <testcase name="test1356()" classname="org.autotest.RegressionTest27" time="0.0"/>
  <testcase name="test1357()" classname="org.autotest.RegressionTest27" time="0.0"/>
  <testcase name="test1358()" classname="org.autotest.RegressionTest27" time="0.0"/>
  <testcase name="test1359()" classname="org.autotest.RegressionTest27" time="0.001"/>
  <testcase name="test1360()" classname="org.autotest.RegressionTest27" time="0.0"/>
  <testcase name="test1361()" classname="org.autotest.RegressionTest27" time="0.0"/>
  <testcase name="test1362()" classname="org.autotest.RegressionTest27" time="0.0"/>
  <testcase name="test1363()" classname="org.autotest.RegressionTest27" time="0.001"/>
  <testcase name="test1364()" classname="org.autotest.RegressionTest27" time="0.0"/>
  <testcase name="test1365()" classname="org.autotest.RegressionTest27" time="0.0"/>
  <testcase name="test1366()" classname="org.autotest.RegressionTest27" time="0.0"/>
  <testcase name="test1367()" classname="org.autotest.RegressionTest27" time="0.0"/>
  <testcase name="test1368()" classname="org.autotest.RegressionTest27" time="0.0"/>
  <testcase name="test1369()" classname="org.autotest.RegressionTest27" time="0.001"/>
  <testcase name="test1370()" classname="org.autotest.RegressionTest27" time="0.0"/>
  <testcase name="test1371()" classname="org.autotest.RegressionTest27" time="0.0"/>
  <testcase name="test1372()" classname="org.autotest.RegressionTest27" time="0.0"/>
  <testcase name="test1373()" classname="org.autotest.RegressionTest27" time="0.0"/>
  <testcase name="test1374()" classname="org.autotest.RegressionTest27" time="0.0"/>
  <testcase name="test1375()" classname="org.autotest.RegressionTest27" time="0.001"/>
  <testcase name="test1376()" classname="org.autotest.RegressionTest27" time="0.0"/>
  <testcase name="test1377()" classname="org.autotest.RegressionTest27" time="0.0"/>
  <testcase name="test1378()" classname="org.autotest.RegressionTest27" time="0.0"/>
  <testcase name="test1379()" classname="org.autotest.RegressionTest27" time="0.0"/>
  <testcase name="test1380()" classname="org.autotest.RegressionTest27" time="0.001"/>
  <testcase name="test1381()" classname="org.autotest.RegressionTest27" time="0.0"/>
  <testcase name="test1382()" classname="org.autotest.RegressionTest27" time="0.0"/>
  <testcase name="test1383()" classname="org.autotest.RegressionTest27" time="0.0"/>
  <testcase name="test1384()" classname="org.autotest.RegressionTest27" time="0.0"/>
  <testcase name="test1385()" classname="org.autotest.RegressionTest27" time="0.0"/>
  <testcase name="test1386()" classname="org.autotest.RegressionTest27" time="0.0"/>
  <testcase name="test1387()" classname="org.autotest.RegressionTest27" time="0.0"/>
  <testcase name="test1388()" classname="org.autotest.RegressionTest27" time="0.0"/>
  <testcase name="test1389()" classname="org.autotest.RegressionTest27" time="0.0"/>
  <testcase name="test1390()" classname="org.autotest.RegressionTest27" time="0.0"/>
  <testcase name="test1391()" classname="org.autotest.RegressionTest27" time="0.001"/>
  <testcase name="test1392()" classname="org.autotest.RegressionTest27" time="0.0"/>
  <testcase name="test1393()" classname="org.autotest.RegressionTest27" time="0.0"/>
  <testcase name="test1394()" classname="org.autotest.RegressionTest27" time="0.0"/>
  <testcase name="test1395()" classname="org.autotest.RegressionTest27" time="0.0"/>
  <testcase name="test1396()" classname="org.autotest.RegressionTest27" time="0.0"/>
  <testcase name="test1397()" classname="org.autotest.RegressionTest27" time="0.0"/>
  <testcase name="test1398()" classname="org.autotest.RegressionTest27" time="0.001"/>
  <testcase name="test1399()" classname="org.autotest.RegressionTest27" time="0.0"/>
  <testcase name="test1400()" classname="org.autotest.RegressionTest27" time="0.0"/>
  <system-out><![CDATA[]]></system-out>
  <system-err><![CDATA[]]></system-err>
</testsuite>
