<?xml version="1.0" encoding="UTF-8"?>
<testsuite name="org.autotest.RegressionTest29" tests="50" skipped="0" failures="0" errors="0" timestamp="2024-04-04T22:18:31" hostname="ARJHNQGK3" time="0.012">
  <properties/>
  <testcase name="test1451()" classname="org.autotest.RegressionTest29" time="0.0"/>
  <testcase name="test1452()" classname="org.autotest.RegressionTest29" time="0.0"/>
  <testcase name="test1453()" classname="org.autotest.RegressionTest29" time="0.0"/>
  <testcase name="test1454()" classname="org.autotest.RegressionTest29" time="0.0"/>
  <testcase name="test1455()" classname="org.autotest.RegressionTest29" time="0.0"/>
  <testcase name="test1456()" classname="org.autotest.RegressionTest29" time="0.0"/>
  <testcase name="test1457()" classname="org.autotest.RegressionTest29" time="0.0"/>
  <testcase name="test1458()" classname="org.autotest.RegressionTest29" time="0.0"/>
  <testcase name="test1459()" classname="org.autotest.RegressionTest29" time="0.0"/>
  <testcase name="test1460()" classname="org.autotest.RegressionTest29" time="0.0"/>
  <testcase name="test1461()" classname="org.autotest.RegressionTest29" time="0.0"/>
  <testcase name="test1462()" classname="org.autotest.RegressionTest29" time="0.0"/>
  <testcase name="test1463()" classname="org.autotest.RegressionTest29" time="0.0"/>
  <testcase name="test1464()" classname="org.autotest.RegressionTest29" time="0.0"/>
  <testcase name="test1465()" classname="org.autotest.RegressionTest29" time="0.0"/>
  <testcase name="test1466()" classname="org.autotest.RegressionTest29" time="0.0"/>
  <testcase name="test1467()" classname="org.autotest.RegressionTest29" time="0.0"/>
  <testcase name="test1468()" classname="org.autotest.RegressionTest29" time="0.0"/>
  <testcase name="test1469()" classname="org.autotest.RegressionTest29" time="0.0"/>
  <testcase name="test1470()" classname="org.autotest.RegressionTest29" time="0.0"/>
  <testcase name="test1471()" classname="org.autotest.RegressionTest29" time="0.0"/>
  <testcase name="test1472()" classname="org.autotest.RegressionTest29" time="0.001"/>
  <testcase name="test1473()" classname="org.autotest.RegressionTest29" time="0.0"/>
  <testcase name="test1474()" classname="org.autotest.RegressionTest29" time="0.0"/>
  <testcase name="test1475()" classname="org.autotest.RegressionTest29" time="0.0"/>
  <testcase name="test1476()" classname="org.autotest.RegressionTest29" time="0.001"/>
  <testcase name="test1477()" classname="org.autotest.RegressionTest29" time="0.0"/>
  <testcase name="test1478()" classname="org.autotest.RegressionTest29" time="0.001"/>
  <testcase name="test1479()" classname="org.autotest.RegressionTest29" time="0.0"/>
  <testcase name="test1480()" classname="org.autotest.RegressionTest29" time="0.0"/>
  <testcase name="test1481()" classname="org.autotest.RegressionTest29" time="0.0"/>
  <testcase name="test1482()" classname="org.autotest.RegressionTest29" time="0.001"/>
  <testcase name="test1483()" classname="org.autotest.RegressionTest29" time="0.0"/>
  <testcase name="test1484()" classname="org.autotest.RegressionTest29" time="0.0"/>
  <testcase name="test1485()" classname="org.autotest.RegressionTest29" time="0.0"/>
  <testcase name="test1486()" classname="org.autotest.RegressionTest29" time="0.0"/>
  <testcase name="test1487()" classname="org.autotest.RegressionTest29" time="0.001"/>
  <testcase name="test1488()" classname="org.autotest.RegressionTest29" time="0.0"/>
  <testcase name="test1489()" classname="org.autotest.RegressionTest29" time="0.0"/>
  <testcase name="test1490()" classname="org.autotest.RegressionTest29" time="0.001"/>
  <testcase name="test1491()" classname="org.autotest.RegressionTest29" time="0.0"/>
  <testcase name="test1492()" classname="org.autotest.RegressionTest29" time="0.0"/>
  <testcase name="test1493()" classname="org.autotest.RegressionTest29" time="0.0"/>
  <testcase name="test1494()" classname="org.autotest.RegressionTest29" time="0.0"/>
  <testcase name="test1495()" classname="org.autotest.RegressionTest29" time="0.0"/>
  <testcase name="test1496()" classname="org.autotest.RegressionTest29" time="0.0"/>
  <testcase name="test1497()" classname="org.autotest.RegressionTest29" time="0.0"/>
  <testcase name="test1498()" classname="org.autotest.RegressionTest29" time="0.0"/>
  <testcase name="test1499()" classname="org.autotest.RegressionTest29" time="0.0"/>
  <testcase name="test1500()" classname="org.autotest.RegressionTest29" time="0.001"/>
  <system-out><![CDATA[]]></system-out>
  <system-err><![CDATA[]]></system-err>
</testsuite>
