<?xml version="1.0" encoding="UTF-8"?>
<testsuite name="org.autotest.RegressionTest28" tests="50" skipped="0" failures="0" errors="0" timestamp="2024-04-04T22:18:31" hostname="ARJHNQGK3" time="0.009">
  <properties/>
  <testcase name="test1401()" classname="org.autotest.RegressionTest28" time="0.001"/>
  <testcase name="test1402()" classname="org.autotest.RegressionTest28" time="0.0"/>
  <testcase name="test1403()" classname="org.autotest.RegressionTest28" time="0.0"/>
  <testcase name="test1404()" classname="org.autotest.RegressionTest28" time="0.0"/>
  <testcase name="test1405()" classname="org.autotest.RegressionTest28" time="0.0"/>
  <testcase name="test1406()" classname="org.autotest.RegressionTest28" time="0.0"/>
  <testcase name="test1407()" classname="org.autotest.RegressionTest28" time="0.0"/>
  <testcase name="test1408()" classname="org.autotest.RegressionTest28" time="0.0"/>
  <testcase name="test1409()" classname="org.autotest.RegressionTest28" time="0.0"/>
  <testcase name="test1410()" classname="org.autotest.RegressionTest28" time="0.001"/>
  <testcase name="test1411()" classname="org.autotest.RegressionTest28" time="0.0"/>
  <testcase name="test1412()" classname="org.autotest.RegressionTest28" time="0.0"/>
  <testcase name="test1413()" classname="org.autotest.RegressionTest28" time="0.0"/>
  <testcase name="test1414()" classname="org.autotest.RegressionTest28" time="0.0"/>
  <testcase name="test1415()" classname="org.autotest.RegressionTest28" time="0.0"/>
  <testcase name="test1416()" classname="org.autotest.RegressionTest28" time="0.001"/>
  <testcase name="test1417()" classname="org.autotest.RegressionTest28" time="0.0"/>
  <testcase name="test1418()" classname="org.autotest.RegressionTest28" time="0.0"/>
  <testcase name="test1419()" classname="org.autotest.RegressionTest28" time="0.0"/>
  <testcase name="test1420()" classname="org.autotest.RegressionTest28" time="0.0"/>
  <testcase name="test1421()" classname="org.autotest.RegressionTest28" time="0.001"/>
  <testcase name="test1422()" classname="org.autotest.RegressionTest28" time="0.0"/>
  <testcase name="test1423()" classname="org.autotest.RegressionTest28" time="0.0"/>
  <testcase name="test1424()" classname="org.autotest.RegressionTest28" time="0.0"/>
  <testcase name="test1425()" classname="org.autotest.RegressionTest28" time="0.0"/>
  <testcase name="test1426()" classname="org.autotest.RegressionTest28" time="0.001"/>
  <testcase name="test1427()" classname="org.autotest.RegressionTest28" time="0.0"/>
  <testcase name="test1428()" classname="org.autotest.RegressionTest28" time="0.0"/>
  <testcase name="test1429()" classname="org.autotest.RegressionTest28" time="0.0"/>
  <testcase name="test1430()" classname="org.autotest.RegressionTest28" time="0.0"/>
  <testcase name="test1431()" classname="org.autotest.RegressionTest28" time="0.001"/>
  <testcase name="test1432()" classname="org.autotest.RegressionTest28" time="0.0"/>
  <testcase name="test1433()" classname="org.autotest.RegressionTest28" time="0.0"/>
  <testcase name="test1434()" classname="org.autotest.RegressionTest28" time="0.0"/>
  <testcase name="test1435()" classname="org.autotest.RegressionTest28" time="0.0"/>
  <testcase name="test1436()" classname="org.autotest.RegressionTest28" time="0.0"/>
  <testcase name="test1437()" classname="org.autotest.RegressionTest28" time="0.0"/>
  <testcase name="test1438()" classname="org.autotest.RegressionTest28" time="0.0"/>
  <testcase name="test1439()" classname="org.autotest.RegressionTest28" time="0.001"/>
  <testcase name="test1440()" classname="org.autotest.RegressionTest28" time="0.0"/>
  <testcase name="test1441()" classname="org.autotest.RegressionTest28" time="0.0"/>
  <testcase name="test1442()" classname="org.autotest.RegressionTest28" time="0.0"/>
  <testcase name="test1443()" classname="org.autotest.RegressionTest28" time="0.0"/>
  <testcase name="test1444()" classname="org.autotest.RegressionTest28" time="0.0"/>
  <testcase name="test1445()" classname="org.autotest.RegressionTest28" time="0.0"/>
  <testcase name="test1446()" classname="org.autotest.RegressionTest28" time="0.0"/>
  <testcase name="test1447()" classname="org.autotest.RegressionTest28" time="0.0"/>
  <testcase name="test1448()" classname="org.autotest.RegressionTest28" time="0.0"/>
  <testcase name="test1449()" classname="org.autotest.RegressionTest28" time="0.0"/>
  <testcase name="test1450()" classname="org.autotest.RegressionTest28" time="0.0"/>
  <system-out><![CDATA[]]></system-out>
  <system-err><![CDATA[]]></system-err>
</testsuite>
