<?xml version="1.0" encoding="UTF-8"?>
<testsuite name="org.autotest.RegressionTest50" tests="50" skipped="0" failures="0" errors="0" timestamp="2024-04-04T22:18:31" hostname="ARJHNQGK3" time="0.013">
  <properties/>
  <testcase name="test2501()" classname="org.autotest.RegressionTest50" time="0.0"/>
  <testcase name="test2502()" classname="org.autotest.RegressionTest50" time="0.0"/>
  <testcase name="test2503()" classname="org.autotest.RegressionTest50" time="0.001"/>
  <testcase name="test2504()" classname="org.autotest.RegressionTest50" time="0.0"/>
  <testcase name="test2505()" classname="org.autotest.RegressionTest50" time="0.0"/>
  <testcase name="test2506()" classname="org.autotest.RegressionTest50" time="0.001"/>
  <testcase name="test2507()" classname="org.autotest.RegressionTest50" time="0.0"/>
  <testcase name="test2508()" classname="org.autotest.RegressionTest50" time="0.0"/>
  <testcase name="test2509()" classname="org.autotest.RegressionTest50" time="0.0"/>
  <testcase name="test2510()" classname="org.autotest.RegressionTest50" time="0.0"/>
  <testcase name="test2511()" classname="org.autotest.RegressionTest50" time="0.0"/>
  <testcase name="test2512()" classname="org.autotest.RegressionTest50" time="0.0"/>
  <testcase name="test2513()" classname="org.autotest.RegressionTest50" time="0.0"/>
  <testcase name="test2514()" classname="org.autotest.RegressionTest50" time="0.001"/>
  <testcase name="test2515()" classname="org.autotest.RegressionTest50" time="0.0"/>
  <testcase name="test2516()" classname="org.autotest.RegressionTest50" time="0.0"/>
  <testcase name="test2517()" classname="org.autotest.RegressionTest50" time="0.0"/>
  <testcase name="test2518()" classname="org.autotest.RegressionTest50" time="0.0"/>
  <testcase name="test2519()" classname="org.autotest.RegressionTest50" time="0.0"/>
  <testcase name="test2520()" classname="org.autotest.RegressionTest50" time="0.001"/>
  <testcase name="test2521()" classname="org.autotest.RegressionTest50" time="0.0"/>
  <testcase name="test2522()" classname="org.autotest.RegressionTest50" time="0.0"/>
  <testcase name="test2523()" classname="org.autotest.RegressionTest50" time="0.0"/>
  <testcase name="test2524()" classname="org.autotest.RegressionTest50" time="0.001"/>
  <testcase name="test2525()" classname="org.autotest.RegressionTest50" time="0.0"/>
  <testcase name="test2526()" classname="org.autotest.RegressionTest50" time="0.0"/>
  <testcase name="test2527()" classname="org.autotest.RegressionTest50" time="0.0"/>
  <testcase name="test2528()" classname="org.autotest.RegressionTest50" time="0.0"/>
  <testcase name="test2529()" classname="org.autotest.RegressionTest50" time="0.001"/>
  <testcase name="test2530()" classname="org.autotest.RegressionTest50" time="0.0"/>
  <testcase name="test2531()" classname="org.autotest.RegressionTest50" time="0.0"/>
  <testcase name="test2532()" classname="org.autotest.RegressionTest50" time="0.0"/>
  <testcase name="test2533()" classname="org.autotest.RegressionTest50" time="0.0"/>
  <testcase name="test2534()" classname="org.autotest.RegressionTest50" time="0.0"/>
  <testcase name="test2535()" classname="org.autotest.RegressionTest50" time="0.0"/>
  <testcase name="test2536()" classname="org.autotest.RegressionTest50" time="0.0"/>
  <testcase name="test2537()" classname="org.autotest.RegressionTest50" time="0.0"/>
  <testcase name="test2538()" classname="org.autotest.RegressionTest50" time="0.001"/>
  <testcase name="test2539()" classname="org.autotest.RegressionTest50" time="0.0"/>
  <testcase name="test2540()" classname="org.autotest.RegressionTest50" time="0.0"/>
  <testcase name="test2541()" classname="org.autotest.RegressionTest50" time="0.001"/>
  <testcase name="test2542()" classname="org.autotest.RegressionTest50" time="0.0"/>
  <testcase name="test2543()" classname="org.autotest.RegressionTest50" time="0.0"/>
  <testcase name="test2544()" classname="org.autotest.RegressionTest50" time="0.0"/>
  <testcase name="test2545()" classname="org.autotest.RegressionTest50" time="0.001"/>
  <testcase name="test2546()" classname="org.autotest.RegressionTest50" time="0.0"/>
  <testcase name="test2547()" classname="org.autotest.RegressionTest50" time="0.0"/>
  <testcase name="test2548()" classname="org.autotest.RegressionTest50" time="0.0"/>
  <testcase name="test2549()" classname="org.autotest.RegressionTest50" time="0.0"/>
  <testcase name="test2550()" classname="org.autotest.RegressionTest50" time="0.001"/>
  <system-out><![CDATA[]]></system-out>
  <system-err><![CDATA[]]></system-err>
</testsuite>
