<?xml version="1.0" encoding="UTF-8"?>
<testsuite name="org.autotest.RegressionTest21" tests="50" skipped="0" failures="0" errors="0" timestamp="2024-04-04T22:18:31" hostname="ARJHNQGK3" time="0.008">
  <properties/>
  <testcase name="test1051()" classname="org.autotest.RegressionTest21" time="0.0"/>
  <testcase name="test1052()" classname="org.autotest.RegressionTest21" time="0.0"/>
  <testcase name="test1053()" classname="org.autotest.RegressionTest21" time="0.0"/>
  <testcase name="test1054()" classname="org.autotest.RegressionTest21" time="0.001"/>
  <testcase name="test1055()" classname="org.autotest.RegressionTest21" time="0.0"/>
  <testcase name="test1056()" classname="org.autotest.RegressionTest21" time="0.0"/>
  <testcase name="test1057()" classname="org.autotest.RegressionTest21" time="0.0"/>
  <testcase name="test1058()" classname="org.autotest.RegressionTest21" time="0.0"/>
  <testcase name="test1059()" classname="org.autotest.RegressionTest21" time="0.0"/>
  <testcase name="test1060()" classname="org.autotest.RegressionTest21" time="0.001"/>
  <testcase name="test1061()" classname="org.autotest.RegressionTest21" time="0.0"/>
  <testcase name="test1062()" classname="org.autotest.RegressionTest21" time="0.0"/>
  <testcase name="test1063()" classname="org.autotest.RegressionTest21" time="0.0"/>
  <testcase name="test1064()" classname="org.autotest.RegressionTest21" time="0.0"/>
  <testcase name="test1065()" classname="org.autotest.RegressionTest21" time="0.0"/>
  <testcase name="test1066()" classname="org.autotest.RegressionTest21" time="0.0"/>
  <testcase name="test1067()" classname="org.autotest.RegressionTest21" time="0.0"/>
  <testcase name="test1068()" classname="org.autotest.RegressionTest21" time="0.0"/>
  <testcase name="test1069()" classname="org.autotest.RegressionTest21" time="0.0"/>
  <testcase name="test1070()" classname="org.autotest.RegressionTest21" time="0.0"/>
  <testcase name="test1071()" classname="org.autotest.RegressionTest21" time="0.001"/>
  <testcase name="test1072()" classname="org.autotest.RegressionTest21" time="0.0"/>
  <testcase name="test1073()" classname="org.autotest.RegressionTest21" time="0.0"/>
  <testcase name="test1074()" classname="org.autotest.RegressionTest21" time="0.0"/>
  <testcase name="test1075()" classname="org.autotest.RegressionTest21" time="0.0"/>
  <testcase name="test1076()" classname="org.autotest.RegressionTest21" time="0.0"/>
  <testcase name="test1077()" classname="org.autotest.RegressionTest21" time="0.0"/>
  <testcase name="test1078()" classname="org.autotest.RegressionTest21" time="0.001"/>
  <testcase name="test1079()" classname="org.autotest.RegressionTest21" time="0.0"/>
  <testcase name="test1080()" classname="org.autotest.RegressionTest21" time="0.0"/>
  <testcase name="test1081()" classname="org.autotest.RegressionTest21" time="0.0"/>
  <testcase name="test1082()" classname="org.autotest.RegressionTest21" time="0.001"/>
  <testcase name="test1083()" classname="org.autotest.RegressionTest21" time="0.0"/>
  <testcase name="test1084()" classname="org.autotest.RegressionTest21" time="0.0"/>
  <testcase name="test1085()" classname="org.autotest.RegressionTest21" time="0.0"/>
  <testcase name="test1086()" classname="org.autotest.RegressionTest21" time="0.0"/>
  <testcase name="test1087()" classname="org.autotest.RegressionTest21" time="0.0"/>
  <testcase name="test1088()" classname="org.autotest.RegressionTest21" time="0.001"/>
  <testcase name="test1089()" classname="org.autotest.RegressionTest21" time="0.0"/>
  <testcase name="test1090()" classname="org.autotest.RegressionTest21" time="0.0"/>
  <testcase name="test1091()" classname="org.autotest.RegressionTest21" time="0.0"/>
  <testcase name="test1092()" classname="org.autotest.RegressionTest21" time="0.0"/>
  <testcase name="test1093()" classname="org.autotest.RegressionTest21" time="0.0"/>
  <testcase name="test1094()" classname="org.autotest.RegressionTest21" time="0.001"/>
  <testcase name="test1095()" classname="org.autotest.RegressionTest21" time="0.0"/>
  <testcase name="test1096()" classname="org.autotest.RegressionTest21" time="0.0"/>
  <testcase name="test1097()" classname="org.autotest.RegressionTest21" time="0.0"/>
  <testcase name="test1098()" classname="org.autotest.RegressionTest21" time="0.0"/>
  <testcase name="test1099()" classname="org.autotest.RegressionTest21" time="0.0"/>
  <testcase name="test1100()" classname="org.autotest.RegressionTest21" time="0.0"/>
  <system-out><![CDATA[]]></system-out>
  <system-err><![CDATA[]]></system-err>
</testsuite>
