<?xml version="1.0" encoding="UTF-8"?>
<testsuite name="org.autotest.RegressionTest3" tests="50" skipped="0" failures="0" errors="0" timestamp="2024-04-04T22:18:31" hostname="ARJHNQGK3" time="0.029">
  <properties/>
  <testcase name="test0151()" classname="org.autotest.RegressionTest3" time="0.0"/>
  <testcase name="test0152()" classname="org.autotest.RegressionTest3" time="0.001"/>
  <testcase name="test0153()" classname="org.autotest.RegressionTest3" time="0.0"/>
  <testcase name="test0154()" classname="org.autotest.RegressionTest3" time="0.0"/>
  <testcase name="test0155()" classname="org.autotest.RegressionTest3" time="0.0"/>
  <testcase name="test0156()" classname="org.autotest.RegressionTest3" time="0.001"/>
  <testcase name="test0157()" classname="org.autotest.RegressionTest3" time="0.001"/>
  <testcase name="test0158()" classname="org.autotest.RegressionTest3" time="0.0"/>
  <testcase name="test0159()" classname="org.autotest.RegressionTest3" time="0.001"/>
  <testcase name="test0160()" classname="org.autotest.RegressionTest3" time="0.0"/>
  <testcase name="test0161()" classname="org.autotest.RegressionTest3" time="0.001"/>
  <testcase name="test0162()" classname="org.autotest.RegressionTest3" time="0.001"/>
  <testcase name="test0163()" classname="org.autotest.RegressionTest3" time="0.001"/>
  <testcase name="test0164()" classname="org.autotest.RegressionTest3" time="0.0"/>
  <testcase name="test0165()" classname="org.autotest.RegressionTest3" time="0.0"/>
  <testcase name="test0166()" classname="org.autotest.RegressionTest3" time="0.0"/>
  <testcase name="test0167()" classname="org.autotest.RegressionTest3" time="0.0"/>
  <testcase name="test0168()" classname="org.autotest.RegressionTest3" time="0.0"/>
  <testcase name="test0169()" classname="org.autotest.RegressionTest3" time="0.0"/>
  <testcase name="test0170()" classname="org.autotest.RegressionTest3" time="0.001"/>
  <testcase name="test0171()" classname="org.autotest.RegressionTest3" time="0.0"/>
  <testcase name="test0172()" classname="org.autotest.RegressionTest3" time="0.001"/>
  <testcase name="test0173()" classname="org.autotest.RegressionTest3" time="0.001"/>
  <testcase name="test0174()" classname="org.autotest.RegressionTest3" time="0.0"/>
  <testcase name="test0175()" classname="org.autotest.RegressionTest3" time="0.0"/>
  <testcase name="test0176()" classname="org.autotest.RegressionTest3" time="0.0"/>
  <testcase name="test0177()" classname="org.autotest.RegressionTest3" time="0.001"/>
  <testcase name="test0178()" classname="org.autotest.RegressionTest3" time="0.0"/>
  <testcase name="test0179()" classname="org.autotest.RegressionTest3" time="0.001"/>
  <testcase name="test0180()" classname="org.autotest.RegressionTest3" time="0.0"/>
  <testcase name="test0181()" classname="org.autotest.RegressionTest3" time="0.0"/>
  <testcase name="test0182()" classname="org.autotest.RegressionTest3" time="0.0"/>
  <testcase name="test0183()" classname="org.autotest.RegressionTest3" time="0.0"/>
  <testcase name="test0184()" classname="org.autotest.RegressionTest3" time="0.001"/>
  <testcase name="test0185()" classname="org.autotest.RegressionTest3" time="0.0"/>
  <testcase name="test0186()" classname="org.autotest.RegressionTest3" time="0.0"/>
  <testcase name="test0187()" classname="org.autotest.RegressionTest3" time="0.0"/>
  <testcase name="test0188()" classname="org.autotest.RegressionTest3" time="0.0"/>
  <testcase name="test0189()" classname="org.autotest.RegressionTest3" time="0.0"/>
  <testcase name="test0190()" classname="org.autotest.RegressionTest3" time="0.001"/>
  <testcase name="test0191()" classname="org.autotest.RegressionTest3" time="0.0"/>
  <testcase name="test0192()" classname="org.autotest.RegressionTest3" time="0.0"/>
  <testcase name="test0193()" classname="org.autotest.RegressionTest3" time="0.001"/>
  <testcase name="test0194()" classname="org.autotest.RegressionTest3" time="0.0"/>
  <testcase name="test0195()" classname="org.autotest.RegressionTest3" time="0.0"/>
  <testcase name="test0196()" classname="org.autotest.RegressionTest3" time="0.001"/>
  <testcase name="test0197()" classname="org.autotest.RegressionTest3" time="0.0"/>
  <testcase name="test0198()" classname="org.autotest.RegressionTest3" time="0.001"/>
  <testcase name="test0199()" classname="org.autotest.RegressionTest3" time="0.001"/>
  <testcase name="test0200()" classname="org.autotest.RegressionTest3" time="0.0"/>
  <system-out><![CDATA[]]></system-out>
  <system-err><![CDATA[]]></system-err>
</testsuite>
