<?xml version="1.0" encoding="UTF-8"?>
<testsuite name="org.autotest.RegressionTest46" tests="50" skipped="0" failures="0" errors="0" timestamp="2024-04-04T22:18:31" hostname="ARJHNQGK3" time="0.014">
  <properties/>
  <testcase name="test2301()" classname="org.autotest.RegressionTest46" time="0.001"/>
  <testcase name="test2302()" classname="org.autotest.RegressionTest46" time="0.0"/>
  <testcase name="test2303()" classname="org.autotest.RegressionTest46" time="0.0"/>
  <testcase name="test2304()" classname="org.autotest.RegressionTest46" time="0.001"/>
  <testcase name="test2305()" classname="org.autotest.RegressionTest46" time="0.0"/>
  <testcase name="test2306()" classname="org.autotest.RegressionTest46" time="0.0"/>
  <testcase name="test2307()" classname="org.autotest.RegressionTest46" time="0.0"/>
  <testcase name="test2308()" classname="org.autotest.RegressionTest46" time="0.001"/>
  <testcase name="test2309()" classname="org.autotest.RegressionTest46" time="0.0"/>
  <testcase name="test2310()" classname="org.autotest.RegressionTest46" time="0.0"/>
  <testcase name="test2311()" classname="org.autotest.RegressionTest46" time="0.001"/>
  <testcase name="test2312()" classname="org.autotest.RegressionTest46" time="0.0"/>
  <testcase name="test2313()" classname="org.autotest.RegressionTest46" time="0.0"/>
  <testcase name="test2314()" classname="org.autotest.RegressionTest46" time="0.001"/>
  <testcase name="test2315()" classname="org.autotest.RegressionTest46" time="0.0"/>
  <testcase name="test2316()" classname="org.autotest.RegressionTest46" time="0.0"/>
  <testcase name="test2317()" classname="org.autotest.RegressionTest46" time="0.0"/>
  <testcase name="test2318()" classname="org.autotest.RegressionTest46" time="0.0"/>
  <testcase name="test2319()" classname="org.autotest.RegressionTest46" time="0.0"/>
  <testcase name="test2320()" classname="org.autotest.RegressionTest46" time="0.001"/>
  <testcase name="test2321()" classname="org.autotest.RegressionTest46" time="0.0"/>
  <testcase name="test2322()" classname="org.autotest.RegressionTest46" time="0.0"/>
  <testcase name="test2323()" classname="org.autotest.RegressionTest46" time="0.0"/>
  <testcase name="test2324()" classname="org.autotest.RegressionTest46" time="0.001"/>
  <testcase name="test2325()" classname="org.autotest.RegressionTest46" time="0.0"/>
  <testcase name="test2326()" classname="org.autotest.RegressionTest46" time="0.0"/>
  <testcase name="test2327()" classname="org.autotest.RegressionTest46" time="0.0"/>
  <testcase name="test2328()" classname="org.autotest.RegressionTest46" time="0.0"/>
  <testcase name="test2329()" classname="org.autotest.RegressionTest46" time="0.0"/>
  <testcase name="test2330()" classname="org.autotest.RegressionTest46" time="0.001"/>
  <testcase name="test2331()" classname="org.autotest.RegressionTest46" time="0.0"/>
  <testcase name="test2332()" classname="org.autotest.RegressionTest46" time="0.0"/>
  <testcase name="test2333()" classname="org.autotest.RegressionTest46" time="0.0"/>
  <testcase name="test2334()" classname="org.autotest.RegressionTest46" time="0.0"/>
  <testcase name="test2335()" classname="org.autotest.RegressionTest46" time="0.0"/>
  <testcase name="test2336()" classname="org.autotest.RegressionTest46" time="0.001"/>
  <testcase name="test2337()" classname="org.autotest.RegressionTest46" time="0.0"/>
  <testcase name="test2338()" classname="org.autotest.RegressionTest46" time="0.0"/>
  <testcase name="test2339()" classname="org.autotest.RegressionTest46" time="0.0"/>
  <testcase name="test2340()" classname="org.autotest.RegressionTest46" time="0.0"/>
  <testcase name="test2341()" classname="org.autotest.RegressionTest46" time="0.0"/>
  <testcase name="test2342()" classname="org.autotest.RegressionTest46" time="0.0"/>
  <testcase name="test2343()" classname="org.autotest.RegressionTest46" time="0.0"/>
  <testcase name="test2344()" classname="org.autotest.RegressionTest46" time="0.0"/>
  <testcase name="test2345()" classname="org.autotest.RegressionTest46" time="0.001"/>
  <testcase name="test2346()" classname="org.autotest.RegressionTest46" time="0.0"/>
  <testcase name="test2347()" classname="org.autotest.RegressionTest46" time="0.0"/>
  <testcase name="test2348()" classname="org.autotest.RegressionTest46" time="0.0"/>
  <testcase name="test2349()" classname="org.autotest.RegressionTest46" time="0.0"/>
  <testcase name="test2350()" classname="org.autotest.RegressionTest46" time="0.0"/>
  <system-out><![CDATA[]]></system-out>
  <system-err><![CDATA[]]></system-err>
</testsuite>
