<?xml version="1.0" encoding="UTF-8"?>
<testsuite name="org.autotest.RegressionTest30" tests="50" skipped="0" failures="0" errors="0" timestamp="2024-04-04T22:18:31" hostname="ARJHNQGK3" time="0.017">
  <properties/>
  <testcase name="test1501()" classname="org.autotest.RegressionTest30" time="0.0"/>
  <testcase name="test1502()" classname="org.autotest.RegressionTest30" time="0.001"/>
  <testcase name="test1503()" classname="org.autotest.RegressionTest30" time="0.0"/>
  <testcase name="test1504()" classname="org.autotest.RegressionTest30" time="0.001"/>
  <testcase name="test1505()" classname="org.autotest.RegressionTest30" time="0.0"/>
  <testcase name="test1506()" classname="org.autotest.RegressionTest30" time="0.0"/>
  <testcase name="test1507()" classname="org.autotest.RegressionTest30" time="0.001"/>
  <testcase name="test1508()" classname="org.autotest.RegressionTest30" time="0.001"/>
  <testcase name="test1509()" classname="org.autotest.RegressionTest30" time="0.0"/>
  <testcase name="test1510()" classname="org.autotest.RegressionTest30" time="0.001"/>
  <testcase name="test1511()" classname="org.autotest.RegressionTest30" time="0.0"/>
  <testcase name="test1512()" classname="org.autotest.RegressionTest30" time="0.0"/>
  <testcase name="test1513()" classname="org.autotest.RegressionTest30" time="0.0"/>
  <testcase name="test1514()" classname="org.autotest.RegressionTest30" time="0.001"/>
  <testcase name="test1515()" classname="org.autotest.RegressionTest30" time="0.0"/>
  <testcase name="test1516()" classname="org.autotest.RegressionTest30" time="0.001"/>
  <testcase name="test1517()" classname="org.autotest.RegressionTest30" time="0.0"/>
  <testcase name="test1518()" classname="org.autotest.RegressionTest30" time="0.001"/>
  <testcase name="test1519()" classname="org.autotest.RegressionTest30" time="0.0"/>
  <testcase name="test1520()" classname="org.autotest.RegressionTest30" time="0.0"/>
  <testcase name="test1521()" classname="org.autotest.RegressionTest30" time="0.0"/>
  <testcase name="test1522()" classname="org.autotest.RegressionTest30" time="0.0"/>
  <testcase name="test1523()" classname="org.autotest.RegressionTest30" time="0.001"/>
  <testcase name="test1524()" classname="org.autotest.RegressionTest30" time="0.0"/>
  <testcase name="test1525()" classname="org.autotest.RegressionTest30" time="0.0"/>
  <testcase name="test1526()" classname="org.autotest.RegressionTest30" time="0.001"/>
  <testcase name="test1527()" classname="org.autotest.RegressionTest30" time="0.0"/>
  <testcase name="test1528()" classname="org.autotest.RegressionTest30" time="0.0"/>
  <testcase name="test1529()" classname="org.autotest.RegressionTest30" time="0.0"/>
  <testcase name="test1530()" classname="org.autotest.RegressionTest30" time="0.0"/>
  <testcase name="test1531()" classname="org.autotest.RegressionTest30" time="0.0"/>
  <testcase name="test1532()" classname="org.autotest.RegressionTest30" time="0.0"/>
  <testcase name="test1533()" classname="org.autotest.RegressionTest30" time="0.0"/>
  <testcase name="test1534()" classname="org.autotest.RegressionTest30" time="0.001"/>
  <testcase name="test1535()" classname="org.autotest.RegressionTest30" time="0.0"/>
  <testcase name="test1536()" classname="org.autotest.RegressionTest30" time="0.0"/>
  <testcase name="test1537()" classname="org.autotest.RegressionTest30" time="0.0"/>
  <testcase name="test1538()" classname="org.autotest.RegressionTest30" time="0.0"/>
  <testcase name="test1539()" classname="org.autotest.RegressionTest30" time="0.0"/>
  <testcase name="test1540()" classname="org.autotest.RegressionTest30" time="0.0"/>
  <testcase name="test1541()" classname="org.autotest.RegressionTest30" time="0.0"/>
  <testcase name="test1542()" classname="org.autotest.RegressionTest30" time="0.0"/>
  <testcase name="test1543()" classname="org.autotest.RegressionTest30" time="0.0"/>
  <testcase name="test1544()" classname="org.autotest.RegressionTest30" time="0.0"/>
  <testcase name="test1545()" classname="org.autotest.RegressionTest30" time="0.001"/>
  <testcase name="test1546()" classname="org.autotest.RegressionTest30" time="0.0"/>
  <testcase name="test1547()" classname="org.autotest.RegressionTest30" time="0.0"/>
  <testcase name="test1548()" classname="org.autotest.RegressionTest30" time="0.0"/>
  <testcase name="test1549()" classname="org.autotest.RegressionTest30" time="0.001"/>
  <testcase name="test1550()" classname="org.autotest.RegressionTest30" time="0.0"/>
  <system-out><![CDATA[]]></system-out>
  <system-err><![CDATA[]]></system-err>
</testsuite>
