<?xml version="1.0" encoding="UTF-8"?>
<testsuite name="org.autotest.RegressionTest5" tests="50" skipped="0" failures="0" errors="0" timestamp="2024-04-04T22:18:31" hostname="ARJHNQGK3" time="0.008">
  <properties/>
  <testcase name="test0251()" classname="org.autotest.RegressionTest5" time="0.001"/>
  <testcase name="test0252()" classname="org.autotest.RegressionTest5" time="0.0"/>
  <testcase name="test0253()" classname="org.autotest.RegressionTest5" time="0.0"/>
  <testcase name="test0254()" classname="org.autotest.RegressionTest5" time="0.0"/>
  <testcase name="test0255()" classname="org.autotest.RegressionTest5" time="0.0"/>
  <testcase name="test0256()" classname="org.autotest.RegressionTest5" time="0.0"/>
  <testcase name="test0257()" classname="org.autotest.RegressionTest5" time="0.0"/>
  <testcase name="test0258()" classname="org.autotest.RegressionTest5" time="0.0"/>
  <testcase name="test0259()" classname="org.autotest.RegressionTest5" time="0.0"/>
  <testcase name="test0260()" classname="org.autotest.RegressionTest5" time="0.0"/>
  <testcase name="test0261()" classname="org.autotest.RegressionTest5" time="0.0"/>
  <testcase name="test0262()" classname="org.autotest.RegressionTest5" time="0.0"/>
  <testcase name="test0263()" classname="org.autotest.RegressionTest5" time="0.0"/>
  <testcase name="test0264()" classname="org.autotest.RegressionTest5" time="0.0"/>
  <testcase name="test0265()" classname="org.autotest.RegressionTest5" time="0.001"/>
  <testcase name="test0266()" classname="org.autotest.RegressionTest5" time="0.0"/>
  <testcase name="test0267()" classname="org.autotest.RegressionTest5" time="0.0"/>
  <testcase name="test0268()" classname="org.autotest.RegressionTest5" time="0.0"/>
  <testcase name="test0269()" classname="org.autotest.RegressionTest5" time="0.0"/>
  <testcase name="test0270()" classname="org.autotest.RegressionTest5" time="0.0"/>
  <testcase name="test0271()" classname="org.autotest.RegressionTest5" time="0.001"/>
  <testcase name="test0272()" classname="org.autotest.RegressionTest5" time="0.0"/>
  <testcase name="test0273()" classname="org.autotest.RegressionTest5" time="0.0"/>
  <testcase name="test0274()" classname="org.autotest.RegressionTest5" time="0.0"/>
  <testcase name="test0275()" classname="org.autotest.RegressionTest5" time="0.0"/>
  <testcase name="test0276()" classname="org.autotest.RegressionTest5" time="0.0"/>
  <testcase name="test0277()" classname="org.autotest.RegressionTest5" time="0.0"/>
  <testcase name="test0278()" classname="org.autotest.RegressionTest5" time="0.0"/>
  <testcase name="test0279()" classname="org.autotest.RegressionTest5" time="0.0"/>
  <testcase name="test0280()" classname="org.autotest.RegressionTest5" time="0.001"/>
  <testcase name="test0281()" classname="org.autotest.RegressionTest5" time="0.0"/>
  <testcase name="test0282()" classname="org.autotest.RegressionTest5" time="0.0"/>
  <testcase name="test0283()" classname="org.autotest.RegressionTest5" time="0.0"/>
  <testcase name="test0284()" classname="org.autotest.RegressionTest5" time="0.0"/>
  <testcase name="test0285()" classname="org.autotest.RegressionTest5" time="0.0"/>
  <testcase name="test0286()" classname="org.autotest.RegressionTest5" time="0.0"/>
  <testcase name="test0287()" classname="org.autotest.RegressionTest5" time="0.001"/>
  <testcase name="test0288()" classname="org.autotest.RegressionTest5" time="0.0"/>
  <testcase name="test0289()" classname="org.autotest.RegressionTest5" time="0.0"/>
  <testcase name="test0290()" classname="org.autotest.RegressionTest5" time="0.0"/>
  <testcase name="test0291()" classname="org.autotest.RegressionTest5" time="0.0"/>
  <testcase name="test0292()" classname="org.autotest.RegressionTest5" time="0.0"/>
  <testcase name="test0293()" classname="org.autotest.RegressionTest5" time="0.0"/>
  <testcase name="test0294()" classname="org.autotest.RegressionTest5" time="0.0"/>
  <testcase name="test0295()" classname="org.autotest.RegressionTest5" time="0.0"/>
  <testcase name="test0296()" classname="org.autotest.RegressionTest5" time="0.0"/>
  <testcase name="test0297()" classname="org.autotest.RegressionTest5" time="0.0"/>
  <testcase name="test0298()" classname="org.autotest.RegressionTest5" time="0.0"/>
  <testcase name="test0299()" classname="org.autotest.RegressionTest5" time="0.0"/>
  <testcase name="test0300()" classname="org.autotest.RegressionTest5" time="0.001"/>
  <system-out><![CDATA[]]></system-out>
  <system-err><![CDATA[]]></system-err>
</testsuite>
