<?xml version="1.0" encoding="UTF-8"?>
<testsuite name="org.autotest.RegressionTest35" tests="50" skipped="0" failures="0" errors="0" timestamp="2024-04-04T22:18:31" hostname="ARJHNQGK3" time="0.028">
  <properties/>
  <testcase name="test1751()" classname="org.autotest.RegressionTest35" time="0.0"/>
  <testcase name="test1752()" classname="org.autotest.RegressionTest35" time="0.008"/>
  <testcase name="test1753()" classname="org.autotest.RegressionTest35" time="0.001"/>
  <testcase name="test1754()" classname="org.autotest.RegressionTest35" time="0.001"/>
  <testcase name="test1755()" classname="org.autotest.RegressionTest35" time="0.0"/>
  <testcase name="test1756()" classname="org.autotest.RegressionTest35" time="0.0"/>
  <testcase name="test1757()" classname="org.autotest.RegressionTest35" time="0.001"/>
  <testcase name="test1758()" classname="org.autotest.RegressionTest35" time="0.0"/>
  <testcase name="test1759()" classname="org.autotest.RegressionTest35" time="0.001"/>
  <testcase name="test1760()" classname="org.autotest.RegressionTest35" time="0.0"/>
  <testcase name="test1761()" classname="org.autotest.RegressionTest35" time="0.0"/>
  <testcase name="test1762()" classname="org.autotest.RegressionTest35" time="0.001"/>
  <testcase name="test1763()" classname="org.autotest.RegressionTest35" time="0.0"/>
  <testcase name="test1764()" classname="org.autotest.RegressionTest35" time="0.0"/>
  <testcase name="test1765()" classname="org.autotest.RegressionTest35" time="0.0"/>
  <testcase name="test1766()" classname="org.autotest.RegressionTest35" time="0.0"/>
  <testcase name="test1767()" classname="org.autotest.RegressionTest35" time="0.0"/>
  <testcase name="test1768()" classname="org.autotest.RegressionTest35" time="0.001"/>
  <testcase name="test1769()" classname="org.autotest.RegressionTest35" time="0.0"/>
  <testcase name="test1770()" classname="org.autotest.RegressionTest35" time="0.001"/>
  <testcase name="test1771()" classname="org.autotest.RegressionTest35" time="0.0"/>
  <testcase name="test1772()" classname="org.autotest.RegressionTest35" time="0.001"/>
  <testcase name="test1773()" classname="org.autotest.RegressionTest35" time="0.0"/>
  <testcase name="test1774()" classname="org.autotest.RegressionTest35" time="0.0"/>
  <testcase name="test1775()" classname="org.autotest.RegressionTest35" time="0.0"/>
  <testcase name="test1776()" classname="org.autotest.RegressionTest35" time="0.0"/>
  <testcase name="test1777()" classname="org.autotest.RegressionTest35" time="0.0"/>
  <testcase name="test1778()" classname="org.autotest.RegressionTest35" time="0.001"/>
  <testcase name="test1779()" classname="org.autotest.RegressionTest35" time="0.0"/>
  <testcase name="test1780()" classname="org.autotest.RegressionTest35" time="0.001"/>
  <testcase name="test1781()" classname="org.autotest.RegressionTest35" time="0.0"/>
  <testcase name="test1782()" classname="org.autotest.RegressionTest35" time="0.001"/>
  <testcase name="test1783()" classname="org.autotest.RegressionTest35" time="0.0"/>
  <testcase name="test1784()" classname="org.autotest.RegressionTest35" time="0.0"/>
  <testcase name="test1785()" classname="org.autotest.RegressionTest35" time="0.0"/>
  <testcase name="test1786()" classname="org.autotest.RegressionTest35" time="0.0"/>
  <testcase name="test1787()" classname="org.autotest.RegressionTest35" time="0.0"/>
  <testcase name="test1788()" classname="org.autotest.RegressionTest35" time="0.0"/>
  <testcase name="test1789()" classname="org.autotest.RegressionTest35" time="0.001"/>
  <testcase name="test1790()" classname="org.autotest.RegressionTest35" time="0.0"/>
  <testcase name="test1791()" classname="org.autotest.RegressionTest35" time="0.0"/>
  <testcase name="test1792()" classname="org.autotest.RegressionTest35" time="0.0"/>
  <testcase name="test1793()" classname="org.autotest.RegressionTest35" time="0.001"/>
  <testcase name="test1794()" classname="org.autotest.RegressionTest35" time="0.0"/>
  <testcase name="test1795()" classname="org.autotest.RegressionTest35" time="0.001"/>
  <testcase name="test1796()" classname="org.autotest.RegressionTest35" time="0.0"/>
  <testcase name="test1797()" classname="org.autotest.RegressionTest35" time="0.001"/>
  <testcase name="test1798()" classname="org.autotest.RegressionTest35" time="0.0"/>
  <testcase name="test1799()" classname="org.autotest.RegressionTest35" time="0.0"/>
  <testcase name="test1800()" classname="org.autotest.RegressionTest35" time="0.0"/>
  <system-out><![CDATA[]]></system-out>
  <system-err><![CDATA[]]></system-err>
</testsuite>
