<?xml version="1.0" encoding="UTF-8"?>
<testsuite name="org.autotest.RegressionTest43" tests="50" skipped="0" failures="0" errors="0" timestamp="2024-04-04T22:18:31" hostname="ARJHNQGK3" time="0.017">
  <properties/>
  <testcase name="test2151()" classname="org.autotest.RegressionTest43" time="0.0"/>
  <testcase name="test2152()" classname="org.autotest.RegressionTest43" time="0.0"/>
  <testcase name="test2153()" classname="org.autotest.RegressionTest43" time="0.001"/>
  <testcase name="test2154()" classname="org.autotest.RegressionTest43" time="0.0"/>
  <testcase name="test2155()" classname="org.autotest.RegressionTest43" time="0.0"/>
  <testcase name="test2156()" classname="org.autotest.RegressionTest43" time="0.001"/>
  <testcase name="test2157()" classname="org.autotest.RegressionTest43" time="0.0"/>
  <testcase name="test2158()" classname="org.autotest.RegressionTest43" time="0.0"/>
  <testcase name="test2159()" classname="org.autotest.RegressionTest43" time="0.001"/>
  <testcase name="test2160()" classname="org.autotest.RegressionTest43" time="0.0"/>
  <testcase name="test2161()" classname="org.autotest.RegressionTest43" time="0.001"/>
  <testcase name="test2162()" classname="org.autotest.RegressionTest43" time="0.0"/>
  <testcase name="test2163()" classname="org.autotest.RegressionTest43" time="0.001"/>
  <testcase name="test2164()" classname="org.autotest.RegressionTest43" time="0.0"/>
  <testcase name="test2165()" classname="org.autotest.RegressionTest43" time="0.001"/>
  <testcase name="test2166()" classname="org.autotest.RegressionTest43" time="0.0"/>
  <testcase name="test2167()" classname="org.autotest.RegressionTest43" time="0.0"/>
  <testcase name="test2168()" classname="org.autotest.RegressionTest43" time="0.0"/>
  <testcase name="test2169()" classname="org.autotest.RegressionTest43" time="0.001"/>
  <testcase name="test2170()" classname="org.autotest.RegressionTest43" time="0.0"/>
  <testcase name="test2171()" classname="org.autotest.RegressionTest43" time="0.0"/>
  <testcase name="test2172()" classname="org.autotest.RegressionTest43" time="0.001"/>
  <testcase name="test2173()" classname="org.autotest.RegressionTest43" time="0.0"/>
  <testcase name="test2174()" classname="org.autotest.RegressionTest43" time="0.0"/>
  <testcase name="test2175()" classname="org.autotest.RegressionTest43" time="0.001"/>
  <testcase name="test2176()" classname="org.autotest.RegressionTest43" time="0.0"/>
  <testcase name="test2177()" classname="org.autotest.RegressionTest43" time="0.0"/>
  <testcase name="test2178()" classname="org.autotest.RegressionTest43" time="0.0"/>
  <testcase name="test2179()" classname="org.autotest.RegressionTest43" time="0.0"/>
  <testcase name="test2180()" classname="org.autotest.RegressionTest43" time="0.0"/>
  <testcase name="test2181()" classname="org.autotest.RegressionTest43" time="0.001"/>
  <testcase name="test2182()" classname="org.autotest.RegressionTest43" time="0.0"/>
  <testcase name="test2183()" classname="org.autotest.RegressionTest43" time="0.0"/>
  <testcase name="test2184()" classname="org.autotest.RegressionTest43" time="0.001"/>
  <testcase name="test2185()" classname="org.autotest.RegressionTest43" time="0.0"/>
  <testcase name="test2186()" classname="org.autotest.RegressionTest43" time="0.0"/>
  <testcase name="test2187()" classname="org.autotest.RegressionTest43" time="0.001"/>
  <testcase name="test2188()" classname="org.autotest.RegressionTest43" time="0.0"/>
  <testcase name="test2189()" classname="org.autotest.RegressionTest43" time="0.0"/>
  <testcase name="test2190()" classname="org.autotest.RegressionTest43" time="0.0"/>
  <testcase name="test2191()" classname="org.autotest.RegressionTest43" time="0.0"/>
  <testcase name="test2192()" classname="org.autotest.RegressionTest43" time="0.001"/>
  <testcase name="test2193()" classname="org.autotest.RegressionTest43" time="0.001"/>
  <testcase name="test2194()" classname="org.autotest.RegressionTest43" time="0.0"/>
  <testcase name="test2195()" classname="org.autotest.RegressionTest43" time="0.0"/>
  <testcase name="test2196()" classname="org.autotest.RegressionTest43" time="0.0"/>
  <testcase name="test2197()" classname="org.autotest.RegressionTest43" time="0.001"/>
  <testcase name="test2198()" classname="org.autotest.RegressionTest43" time="0.0"/>
  <testcase name="test2199()" classname="org.autotest.RegressionTest43" time="0.0"/>
  <testcase name="test2200()" classname="org.autotest.RegressionTest43" time="0.0"/>
  <system-out><![CDATA[]]></system-out>
  <system-err><![CDATA[]]></system-err>
</testsuite>
