<?xml version="1.0" encoding="UTF-8"?>
<testsuite name="org.autotest.RegressionTest41" tests="50" skipped="0" failures="0" errors="0" timestamp="2024-04-04T22:18:31" hostname="ARJHNQGK3" time="0.014">
  <properties/>
  <testcase name="test2051()" classname="org.autotest.RegressionTest41" time="0.001"/>
  <testcase name="test2052()" classname="org.autotest.RegressionTest41" time="0.0"/>
  <testcase name="test2053()" classname="org.autotest.RegressionTest41" time="0.001"/>
  <testcase name="test2054()" classname="org.autotest.RegressionTest41" time="0.0"/>
  <testcase name="test2055()" classname="org.autotest.RegressionTest41" time="0.001"/>
  <testcase name="test2056()" classname="org.autotest.RegressionTest41" time="0.0"/>
  <testcase name="test2057()" classname="org.autotest.RegressionTest41" time="0.0"/>
  <testcase name="test2058()" classname="org.autotest.RegressionTest41" time="0.0"/>
  <testcase name="test2059()" classname="org.autotest.RegressionTest41" time="0.001"/>
  <testcase name="test2060()" classname="org.autotest.RegressionTest41" time="0.0"/>
  <testcase name="test2061()" classname="org.autotest.RegressionTest41" time="0.001"/>
  <testcase name="test2062()" classname="org.autotest.RegressionTest41" time="0.0"/>
  <testcase name="test2063()" classname="org.autotest.RegressionTest41" time="0.0"/>
  <testcase name="test2064()" classname="org.autotest.RegressionTest41" time="0.001"/>
  <testcase name="test2065()" classname="org.autotest.RegressionTest41" time="0.0"/>
  <testcase name="test2066()" classname="org.autotest.RegressionTest41" time="0.001"/>
  <testcase name="test2067()" classname="org.autotest.RegressionTest41" time="0.0"/>
  <testcase name="test2068()" classname="org.autotest.RegressionTest41" time="0.0"/>
  <testcase name="test2069()" classname="org.autotest.RegressionTest41" time="0.001"/>
  <testcase name="test2070()" classname="org.autotest.RegressionTest41" time="0.0"/>
  <testcase name="test2071()" classname="org.autotest.RegressionTest41" time="0.0"/>
  <testcase name="test2072()" classname="org.autotest.RegressionTest41" time="0.0"/>
  <testcase name="test2073()" classname="org.autotest.RegressionTest41" time="0.001"/>
  <testcase name="test2074()" classname="org.autotest.RegressionTest41" time="0.0"/>
  <testcase name="test2075()" classname="org.autotest.RegressionTest41" time="0.0"/>
  <testcase name="test2076()" classname="org.autotest.RegressionTest41" time="0.0"/>
  <testcase name="test2077()" classname="org.autotest.RegressionTest41" time="0.0"/>
  <testcase name="test2078()" classname="org.autotest.RegressionTest41" time="0.001"/>
  <testcase name="test2079()" classname="org.autotest.RegressionTest41" time="0.0"/>
  <testcase name="test2080()" classname="org.autotest.RegressionTest41" time="0.0"/>
  <testcase name="test2081()" classname="org.autotest.RegressionTest41" time="0.0"/>
  <testcase name="test2082()" classname="org.autotest.RegressionTest41" time="0.0"/>
  <testcase name="test2083()" classname="org.autotest.RegressionTest41" time="0.001"/>
  <testcase name="test2084()" classname="org.autotest.RegressionTest41" time="0.0"/>
  <testcase name="test2085()" classname="org.autotest.RegressionTest41" time="0.0"/>
  <testcase name="test2086()" classname="org.autotest.RegressionTest41" time="0.0"/>
  <testcase name="test2087()" classname="org.autotest.RegressionTest41" time="0.0"/>
  <testcase name="test2088()" classname="org.autotest.RegressionTest41" time="0.001"/>
  <testcase name="test2089()" classname="org.autotest.RegressionTest41" time="0.0"/>
  <testcase name="test2090()" classname="org.autotest.RegressionTest41" time="0.0"/>
  <testcase name="test2091()" classname="org.autotest.RegressionTest41" time="0.0"/>
  <testcase name="test2092()" classname="org.autotest.RegressionTest41" time="0.0"/>
  <testcase name="test2093()" classname="org.autotest.RegressionTest41" time="0.0"/>
  <testcase name="test2094()" classname="org.autotest.RegressionTest41" time="0.0"/>
  <testcase name="test2095()" classname="org.autotest.RegressionTest41" time="0.0"/>
  <testcase name="test2096()" classname="org.autotest.RegressionTest41" time="0.0"/>
  <testcase name="test2097()" classname="org.autotest.RegressionTest41" time="0.001"/>
  <testcase name="test2098()" classname="org.autotest.RegressionTest41" time="0.0"/>
  <testcase name="test2099()" classname="org.autotest.RegressionTest41" time="0.0"/>
  <testcase name="test2100()" classname="org.autotest.RegressionTest41" time="0.0"/>
  <system-out><![CDATA[]]></system-out>
  <system-err><![CDATA[]]></system-err>
</testsuite>
