<?xml version="1.0" encoding="UTF-8"?>
<testsuite name="org.autotest.RegressionTest51" tests="48" skipped="0" failures="0" errors="0" timestamp="2024-04-04T22:18:31" hostname="ARJHNQGK3" time="0.018">
  <properties/>
  <testcase name="test2551()" classname="org.autotest.RegressionTest51" time="0.001"/>
  <testcase name="test2552()" classname="org.autotest.RegressionTest51" time="0.0"/>
  <testcase name="test2553()" classname="org.autotest.RegressionTest51" time="0.0"/>
  <testcase name="test2554()" classname="org.autotest.RegressionTest51" time="0.0"/>
  <testcase name="test2555()" classname="org.autotest.RegressionTest51" time="0.0"/>
  <testcase name="test2556()" classname="org.autotest.RegressionTest51" time="0.0"/>
  <testcase name="test2557()" classname="org.autotest.RegressionTest51" time="0.001"/>
  <testcase name="test2558()" classname="org.autotest.RegressionTest51" time="0.0"/>
  <testcase name="test2559()" classname="org.autotest.RegressionTest51" time="0.001"/>
  <testcase name="test2560()" classname="org.autotest.RegressionTest51" time="0.0"/>
  <testcase name="test2561()" classname="org.autotest.RegressionTest51" time="0.001"/>
  <testcase name="test2562()" classname="org.autotest.RegressionTest51" time="0.0"/>
  <testcase name="test2563()" classname="org.autotest.RegressionTest51" time="0.0"/>
  <testcase name="test2564()" classname="org.autotest.RegressionTest51" time="0.001"/>
  <testcase name="test2565()" classname="org.autotest.RegressionTest51" time="0.0"/>
  <testcase name="test2566()" classname="org.autotest.RegressionTest51" time="0.0"/>
  <testcase name="test2567()" classname="org.autotest.RegressionTest51" time="0.001"/>
  <testcase name="test2568()" classname="org.autotest.RegressionTest51" time="0.0"/>
  <testcase name="test2569()" classname="org.autotest.RegressionTest51" time="0.0"/>
  <testcase name="test2570()" classname="org.autotest.RegressionTest51" time="0.001"/>
  <testcase name="test2571()" classname="org.autotest.RegressionTest51" time="0.0"/>
  <testcase name="test2572()" classname="org.autotest.RegressionTest51" time="0.0"/>
  <testcase name="test2573()" classname="org.autotest.RegressionTest51" time="0.001"/>
  <testcase name="test2574()" classname="org.autotest.RegressionTest51" time="0.0"/>
  <testcase name="test2575()" classname="org.autotest.RegressionTest51" time="0.0"/>
  <testcase name="test2576()" classname="org.autotest.RegressionTest51" time="0.0"/>
  <testcase name="test2577()" classname="org.autotest.RegressionTest51" time="0.001"/>
  <testcase name="test2578()" classname="org.autotest.RegressionTest51" time="0.0"/>
  <testcase name="test2579()" classname="org.autotest.RegressionTest51" time="0.0"/>
  <testcase name="test2580()" classname="org.autotest.RegressionTest51" time="0.001"/>
  <testcase name="test2581()" classname="org.autotest.RegressionTest51" time="0.0"/>
  <testcase name="test2582()" classname="org.autotest.RegressionTest51" time="0.0"/>
  <testcase name="test2583()" classname="org.autotest.RegressionTest51" time="0.001"/>
  <testcase name="test2584()" classname="org.autotest.RegressionTest51" time="0.0"/>
  <testcase name="test2585()" classname="org.autotest.RegressionTest51" time="0.001"/>
  <testcase name="test2586()" classname="org.autotest.RegressionTest51" time="0.0"/>
  <testcase name="test2587()" classname="org.autotest.RegressionTest51" time="0.001"/>
  <testcase name="test2588()" classname="org.autotest.RegressionTest51" time="0.0"/>
  <testcase name="test2589()" classname="org.autotest.RegressionTest51" time="0.0"/>
  <testcase name="test2590()" classname="org.autotest.RegressionTest51" time="0.001"/>
  <testcase name="test2591()" classname="org.autotest.RegressionTest51" time="0.0"/>
  <testcase name="test2592()" classname="org.autotest.RegressionTest51" time="0.0"/>
  <testcase name="test2593()" classname="org.autotest.RegressionTest51" time="0.001"/>
  <testcase name="test2594()" classname="org.autotest.RegressionTest51" time="0.0"/>
  <testcase name="test2595()" classname="org.autotest.RegressionTest51" time="0.0"/>
  <testcase name="test2596()" classname="org.autotest.RegressionTest51" time="0.0"/>
  <testcase name="test2597()" classname="org.autotest.RegressionTest51" time="0.0"/>
  <testcase name="test2598()" classname="org.autotest.RegressionTest51" time="0.001"/>
  <system-out><![CDATA[]]></system-out>
  <system-err><![CDATA[]]></system-err>
</testsuite>
