<?xml version="1.0" encoding="UTF-8"?>
<testsuite name="org.autotest.RegressionTest31" tests="50" skipped="0" failures="0" errors="0" timestamp="2024-04-04T22:18:31" hostname="ARJHNQGK3" time="0.018">
  <properties/>
  <testcase name="test1551()" classname="org.autotest.RegressionTest31" time="0.001"/>
  <testcase name="test1552()" classname="org.autotest.RegressionTest31" time="0.0"/>
  <testcase name="test1553()" classname="org.autotest.RegressionTest31" time="0.0"/>
  <testcase name="test1554()" classname="org.autotest.RegressionTest31" time="0.001"/>
  <testcase name="test1555()" classname="org.autotest.RegressionTest31" time="0.0"/>
  <testcase name="test1556()" classname="org.autotest.RegressionTest31" time="0.0"/>
  <testcase name="test1557()" classname="org.autotest.RegressionTest31" time="0.001"/>
  <testcase name="test1558()" classname="org.autotest.RegressionTest31" time="0.0"/>
  <testcase name="test1559()" classname="org.autotest.RegressionTest31" time="0.0"/>
  <testcase name="test1560()" classname="org.autotest.RegressionTest31" time="0.001"/>
  <testcase name="test1561()" classname="org.autotest.RegressionTest31" time="0.0"/>
  <testcase name="test1562()" classname="org.autotest.RegressionTest31" time="0.0"/>
  <testcase name="test1563()" classname="org.autotest.RegressionTest31" time="0.001"/>
  <testcase name="test1564()" classname="org.autotest.RegressionTest31" time="0.001"/>
  <testcase name="test1565()" classname="org.autotest.RegressionTest31" time="0.0"/>
  <testcase name="test1566()" classname="org.autotest.RegressionTest31" time="0.0"/>
  <testcase name="test1567()" classname="org.autotest.RegressionTest31" time="0.001"/>
  <testcase name="test1568()" classname="org.autotest.RegressionTest31" time="0.0"/>
  <testcase name="test1569()" classname="org.autotest.RegressionTest31" time="0.0"/>
  <testcase name="test1570()" classname="org.autotest.RegressionTest31" time="0.0"/>
  <testcase name="test1571()" classname="org.autotest.RegressionTest31" time="0.001"/>
  <testcase name="test1572()" classname="org.autotest.RegressionTest31" time="0.0"/>
  <testcase name="test1573()" classname="org.autotest.RegressionTest31" time="0.001"/>
  <testcase name="test1574()" classname="org.autotest.RegressionTest31" time="0.0"/>
  <testcase name="test1575()" classname="org.autotest.RegressionTest31" time="0.0"/>
  <testcase name="test1576()" classname="org.autotest.RegressionTest31" time="0.001"/>
  <testcase name="test1577()" classname="org.autotest.RegressionTest31" time="0.0"/>
  <testcase name="test1578()" classname="org.autotest.RegressionTest31" time="0.0"/>
  <testcase name="test1579()" classname="org.autotest.RegressionTest31" time="0.001"/>
  <testcase name="test1580()" classname="org.autotest.RegressionTest31" time="0.0"/>
  <testcase name="test1581()" classname="org.autotest.RegressionTest31" time="0.0"/>
  <testcase name="test1582()" classname="org.autotest.RegressionTest31" time="0.001"/>
  <testcase name="test1583()" classname="org.autotest.RegressionTest31" time="0.0"/>
  <testcase name="test1584()" classname="org.autotest.RegressionTest31" time="0.0"/>
  <testcase name="test1585()" classname="org.autotest.RegressionTest31" time="0.001"/>
  <testcase name="test1586()" classname="org.autotest.RegressionTest31" time="0.0"/>
  <testcase name="test1587()" classname="org.autotest.RegressionTest31" time="0.0"/>
  <testcase name="test1588()" classname="org.autotest.RegressionTest31" time="0.001"/>
  <testcase name="test1589()" classname="org.autotest.RegressionTest31" time="0.0"/>
  <testcase name="test1590()" classname="org.autotest.RegressionTest31" time="0.0"/>
  <testcase name="test1591()" classname="org.autotest.RegressionTest31" time="0.0"/>
  <testcase name="test1592()" classname="org.autotest.RegressionTest31" time="0.0"/>
  <testcase name="test1593()" classname="org.autotest.RegressionTest31" time="0.0"/>
  <testcase name="test1594()" classname="org.autotest.RegressionTest31" time="0.0"/>
  <testcase name="test1595()" classname="org.autotest.RegressionTest31" time="0.001"/>
  <testcase name="test1596()" classname="org.autotest.RegressionTest31" time="0.0"/>
  <testcase name="test1597()" classname="org.autotest.RegressionTest31" time="0.001"/>
  <testcase name="test1598()" classname="org.autotest.RegressionTest31" time="0.0"/>
  <testcase name="test1599()" classname="org.autotest.RegressionTest31" time="0.0"/>
  <testcase name="test1600()" classname="org.autotest.RegressionTest31" time="0.001"/>
  <system-out><![CDATA[]]></system-out>
  <system-err><![CDATA[]]></system-err>
</testsuite>
