<?xml version="1.0" encoding="UTF-8"?>
<testsuite name="org.autotest.RegressionTest39" tests="50" skipped="0" failures="0" errors="0" timestamp="2024-04-04T22:18:31" hostname="ARJHNQGK3" time="0.013">
  <properties/>
  <testcase name="test1951()" classname="org.autotest.RegressionTest39" time="0.001"/>
  <testcase name="test1952()" classname="org.autotest.RegressionTest39" time="0.0"/>
  <testcase name="test1953()" classname="org.autotest.RegressionTest39" time="0.0"/>
  <testcase name="test1954()" classname="org.autotest.RegressionTest39" time="0.001"/>
  <testcase name="test1955()" classname="org.autotest.RegressionTest39" time="0.0"/>
  <testcase name="test1956()" classname="org.autotest.RegressionTest39" time="0.0"/>
  <testcase name="test1957()" classname="org.autotest.RegressionTest39" time="0.0"/>
  <testcase name="test1958()" classname="org.autotest.RegressionTest39" time="0.0"/>
  <testcase name="test1959()" classname="org.autotest.RegressionTest39" time="0.0"/>
  <testcase name="test1960()" classname="org.autotest.RegressionTest39" time="0.0"/>
  <testcase name="test1961()" classname="org.autotest.RegressionTest39" time="0.0"/>
  <testcase name="test1962()" classname="org.autotest.RegressionTest39" time="0.0"/>
  <testcase name="test1963()" classname="org.autotest.RegressionTest39" time="0.0"/>
  <testcase name="test1964()" classname="org.autotest.RegressionTest39" time="0.0"/>
  <testcase name="test1965()" classname="org.autotest.RegressionTest39" time="0.0"/>
  <testcase name="test1966()" classname="org.autotest.RegressionTest39" time="0.0"/>
  <testcase name="test1967()" classname="org.autotest.RegressionTest39" time="0.0"/>
  <testcase name="test1968()" classname="org.autotest.RegressionTest39" time="0.0"/>
  <testcase name="test1969()" classname="org.autotest.RegressionTest39" time="0.001"/>
  <testcase name="test1970()" classname="org.autotest.RegressionTest39" time="0.0"/>
  <testcase name="test1971()" classname="org.autotest.RegressionTest39" time="0.0"/>
  <testcase name="test1972()" classname="org.autotest.RegressionTest39" time="0.0"/>
  <testcase name="test1973()" classname="org.autotest.RegressionTest39" time="0.0"/>
  <testcase name="test1974()" classname="org.autotest.RegressionTest39" time="0.0"/>
  <testcase name="test1975()" classname="org.autotest.RegressionTest39" time="0.0"/>
  <testcase name="test1976()" classname="org.autotest.RegressionTest39" time="0.0"/>
  <testcase name="test1977()" classname="org.autotest.RegressionTest39" time="0.001"/>
  <testcase name="test1978()" classname="org.autotest.RegressionTest39" time="0.0"/>
  <testcase name="test1979()" classname="org.autotest.RegressionTest39" time="0.0"/>
  <testcase name="test1980()" classname="org.autotest.RegressionTest39" time="0.0"/>
  <testcase name="test1981()" classname="org.autotest.RegressionTest39" time="0.001"/>
  <testcase name="test1982()" classname="org.autotest.RegressionTest39" time="0.0"/>
  <testcase name="test1983()" classname="org.autotest.RegressionTest39" time="0.0"/>
  <testcase name="test1984()" classname="org.autotest.RegressionTest39" time="0.001"/>
  <testcase name="test1985()" classname="org.autotest.RegressionTest39" time="0.0"/>
  <testcase name="test1986()" classname="org.autotest.RegressionTest39" time="0.0"/>
  <testcase name="test1987()" classname="org.autotest.RegressionTest39" time="0.0"/>
  <testcase name="test1988()" classname="org.autotest.RegressionTest39" time="0.001"/>
  <testcase name="test1989()" classname="org.autotest.RegressionTest39" time="0.0"/>
  <testcase name="test1990()" classname="org.autotest.RegressionTest39" time="0.0"/>
  <testcase name="test1991()" classname="org.autotest.RegressionTest39" time="0.0"/>
  <testcase name="test1992()" classname="org.autotest.RegressionTest39" time="0.0"/>
  <testcase name="test1993()" classname="org.autotest.RegressionTest39" time="0.0"/>
  <testcase name="test1994()" classname="org.autotest.RegressionTest39" time="0.001"/>
  <testcase name="test1995()" classname="org.autotest.RegressionTest39" time="0.0"/>
  <testcase name="test1996()" classname="org.autotest.RegressionTest39" time="0.0"/>
  <testcase name="test1997()" classname="org.autotest.RegressionTest39" time="0.0"/>
  <testcase name="test1998()" classname="org.autotest.RegressionTest39" time="0.0"/>
  <testcase name="test1999()" classname="org.autotest.RegressionTest39" time="0.001"/>
  <testcase name="test2000()" classname="org.autotest.RegressionTest39" time="0.0"/>
  <system-out><![CDATA[]]></system-out>
  <system-err><![CDATA[]]></system-err>
</testsuite>
