<?xml version="1.0" encoding="UTF-8"?>
<testsuite name="org.autotest.RegressionTest40" tests="50" skipped="0" failures="0" errors="0" timestamp="2024-04-04T22:18:31" hostname="ARJHNQGK3" time="0.027">
  <properties/>
  <testcase name="test2001()" classname="org.autotest.RegressionTest40" time="0.0"/>
  <testcase name="test2002()" classname="org.autotest.RegressionTest40" time="0.001"/>
  <testcase name="test2003()" classname="org.autotest.RegressionTest40" time="0.0"/>
  <testcase name="test2004()" classname="org.autotest.RegressionTest40" time="0.0"/>
  <testcase name="test2005()" classname="org.autotest.RegressionTest40" time="0.0"/>
  <testcase name="test2006()" classname="org.autotest.RegressionTest40" time="0.001"/>
  <testcase name="test2007()" classname="org.autotest.RegressionTest40" time="0.0"/>
  <testcase name="test2008()" classname="org.autotest.RegressionTest40" time="0.001"/>
  <testcase name="test2009()" classname="org.autotest.RegressionTest40" time="0.0"/>
  <testcase name="test2010()" classname="org.autotest.RegressionTest40" time="0.001"/>
  <testcase name="test2011()" classname="org.autotest.RegressionTest40" time="0.0"/>
  <testcase name="test2012()" classname="org.autotest.RegressionTest40" time="0.0"/>
  <testcase name="test2013()" classname="org.autotest.RegressionTest40" time="0.001"/>
  <testcase name="test2014()" classname="org.autotest.RegressionTest40" time="0.0"/>
  <testcase name="test2015()" classname="org.autotest.RegressionTest40" time="0.0"/>
  <testcase name="test2016()" classname="org.autotest.RegressionTest40" time="0.0"/>
  <testcase name="test2017()" classname="org.autotest.RegressionTest40" time="0.001"/>
  <testcase name="test2018()" classname="org.autotest.RegressionTest40" time="0.001"/>
  <testcase name="test2019()" classname="org.autotest.RegressionTest40" time="0.001"/>
  <testcase name="test2020()" classname="org.autotest.RegressionTest40" time="0.001"/>
  <testcase name="test2021()" classname="org.autotest.RegressionTest40" time="0.0"/>
  <testcase name="test2022()" classname="org.autotest.RegressionTest40" time="0.0"/>
  <testcase name="test2023()" classname="org.autotest.RegressionTest40" time="0.001"/>
  <testcase name="test2024()" classname="org.autotest.RegressionTest40" time="0.0"/>
  <testcase name="test2025()" classname="org.autotest.RegressionTest40" time="0.0"/>
  <testcase name="test2026()" classname="org.autotest.RegressionTest40" time="0.0"/>
  <testcase name="test2027()" classname="org.autotest.RegressionTest40" time="0.001"/>
  <testcase name="test2028()" classname="org.autotest.RegressionTest40" time="0.0"/>
  <testcase name="test2029()" classname="org.autotest.RegressionTest40" time="0.0"/>
  <testcase name="test2030()" classname="org.autotest.RegressionTest40" time="0.0"/>
  <testcase name="test2031()" classname="org.autotest.RegressionTest40" time="0.001"/>
  <testcase name="test2032()" classname="org.autotest.RegressionTest40" time="0.0"/>
  <testcase name="test2033()" classname="org.autotest.RegressionTest40" time="0.001"/>
  <testcase name="test2034()" classname="org.autotest.RegressionTest40" time="0.0"/>
  <testcase name="test2035()" classname="org.autotest.RegressionTest40" time="0.001"/>
  <testcase name="test2036()" classname="org.autotest.RegressionTest40" time="0.0"/>
  <testcase name="test2037()" classname="org.autotest.RegressionTest40" time="0.001"/>
  <testcase name="test2038()" classname="org.autotest.RegressionTest40" time="0.001"/>
  <testcase name="test2039()" classname="org.autotest.RegressionTest40" time="0.001"/>
  <testcase name="test2040()" classname="org.autotest.RegressionTest40" time="0.0"/>
  <testcase name="test2041()" classname="org.autotest.RegressionTest40" time="0.001"/>
  <testcase name="test2042()" classname="org.autotest.RegressionTest40" time="0.001"/>
  <testcase name="test2043()" classname="org.autotest.RegressionTest40" time="0.001"/>
  <testcase name="test2044()" classname="org.autotest.RegressionTest40" time="0.001"/>
  <testcase name="test2045()" classname="org.autotest.RegressionTest40" time="0.001"/>
  <testcase name="test2046()" classname="org.autotest.RegressionTest40" time="0.0"/>
  <testcase name="test2047()" classname="org.autotest.RegressionTest40" time="0.0"/>
  <testcase name="test2048()" classname="org.autotest.RegressionTest40" time="0.0"/>
  <testcase name="test2049()" classname="org.autotest.RegressionTest40" time="0.001"/>
  <testcase name="test2050()" classname="org.autotest.RegressionTest40" time="0.0"/>
  <system-out><![CDATA[]]></system-out>
  <system-err><![CDATA[]]></system-err>
</testsuite>
