<?xml version="1.0" encoding="UTF-8"?>
<testsuite name="org.autotest.RegressionTest22" tests="50" skipped="0" failures="0" errors="0" timestamp="2024-04-04T22:18:31" hostname="ARJHNQGK3" time="0.008">
  <properties/>
  <testcase name="test1101()" classname="org.autotest.RegressionTest22" time="0.0"/>
  <testcase name="test1102()" classname="org.autotest.RegressionTest22" time="0.0"/>
  <testcase name="test1103()" classname="org.autotest.RegressionTest22" time="0.0"/>
  <testcase name="test1104()" classname="org.autotest.RegressionTest22" time="0.0"/>
  <testcase name="test1105()" classname="org.autotest.RegressionTest22" time="0.0"/>
  <testcase name="test1106()" classname="org.autotest.RegressionTest22" time="0.001"/>
  <testcase name="test1107()" classname="org.autotest.RegressionTest22" time="0.0"/>
  <testcase name="test1108()" classname="org.autotest.RegressionTest22" time="0.0"/>
  <testcase name="test1109()" classname="org.autotest.RegressionTest22" time="0.0"/>
  <testcase name="test1110()" classname="org.autotest.RegressionTest22" time="0.0"/>
  <testcase name="test1111()" classname="org.autotest.RegressionTest22" time="0.001"/>
  <testcase name="test1112()" classname="org.autotest.RegressionTest22" time="0.0"/>
  <testcase name="test1113()" classname="org.autotest.RegressionTest22" time="0.0"/>
  <testcase name="test1114()" classname="org.autotest.RegressionTest22" time="0.0"/>
  <testcase name="test1115()" classname="org.autotest.RegressionTest22" time="0.0"/>
  <testcase name="test1116()" classname="org.autotest.RegressionTest22" time="0.0"/>
  <testcase name="test1117()" classname="org.autotest.RegressionTest22" time="0.0"/>
  <testcase name="test1118()" classname="org.autotest.RegressionTest22" time="0.0"/>
  <testcase name="test1119()" classname="org.autotest.RegressionTest22" time="0.0"/>
  <testcase name="test1120()" classname="org.autotest.RegressionTest22" time="0.0"/>
  <testcase name="test1121()" classname="org.autotest.RegressionTest22" time="0.0"/>
  <testcase name="test1122()" classname="org.autotest.RegressionTest22" time="0.0"/>
  <testcase name="test1123()" classname="org.autotest.RegressionTest22" time="0.001"/>
  <testcase name="test1124()" classname="org.autotest.RegressionTest22" time="0.0"/>
  <testcase name="test1125()" classname="org.autotest.RegressionTest22" time="0.0"/>
  <testcase name="test1126()" classname="org.autotest.RegressionTest22" time="0.0"/>
  <testcase name="test1127()" classname="org.autotest.RegressionTest22" time="0.0"/>
  <testcase name="test1128()" classname="org.autotest.RegressionTest22" time="0.001"/>
  <testcase name="test1129()" classname="org.autotest.RegressionTest22" time="0.0"/>
  <testcase name="test1130()" classname="org.autotest.RegressionTest22" time="0.0"/>
  <testcase name="test1131()" classname="org.autotest.RegressionTest22" time="0.0"/>
  <testcase name="test1132()" classname="org.autotest.RegressionTest22" time="0.0"/>
  <testcase name="test1133()" classname="org.autotest.RegressionTest22" time="0.0"/>
  <testcase name="test1134()" classname="org.autotest.RegressionTest22" time="0.0"/>
  <testcase name="test1135()" classname="org.autotest.RegressionTest22" time="0.0"/>
  <testcase name="test1136()" classname="org.autotest.RegressionTest22" time="0.0"/>
  <testcase name="test1137()" classname="org.autotest.RegressionTest22" time="0.0"/>
  <testcase name="test1138()" classname="org.autotest.RegressionTest22" time="0.0"/>
  <testcase name="test1139()" classname="org.autotest.RegressionTest22" time="0.0"/>
  <testcase name="test1140()" classname="org.autotest.RegressionTest22" time="0.0"/>
  <testcase name="test1141()" classname="org.autotest.RegressionTest22" time="0.0"/>
  <testcase name="test1142()" classname="org.autotest.RegressionTest22" time="0.0"/>
  <testcase name="test1143()" classname="org.autotest.RegressionTest22" time="0.0"/>
  <testcase name="test1144()" classname="org.autotest.RegressionTest22" time="0.0"/>
  <testcase name="test1145()" classname="org.autotest.RegressionTest22" time="0.0"/>
  <testcase name="test1146()" classname="org.autotest.RegressionTest22" time="0.0"/>
  <testcase name="test1147()" classname="org.autotest.RegressionTest22" time="0.0"/>
  <testcase name="test1148()" classname="org.autotest.RegressionTest22" time="0.001"/>
  <testcase name="test1149()" classname="org.autotest.RegressionTest22" time="0.0"/>
  <testcase name="test1150()" classname="org.autotest.RegressionTest22" time="0.0"/>
  <system-out><![CDATA[]]></system-out>
  <system-err><![CDATA[]]></system-err>
</testsuite>
